2026-01-05 17:00:32 | INFO | root | Training seediv with eegnet
2026-01-05 17:00:32 | INFO | root | Namespace(dataset='seediv', model='eegnet', at_strategy='trades', epsilon=0.1, pgd_step_size=0.01, pgd_steps=20, fbf_replays=2, trades_beta=0.1, clean_ratio=0.0, clip_min=None, clip_max=None, pgd_random_start=True, epochs=400, batch_size=128, lr=0.001, weight_decay=0, patience=20, seed=42, gpu_id=3)
2026-01-05 17:00:32 | INFO | root | AT config | strategy: trades, eps: 0.1, step size: 0.01, steps: 20, fbf_replays: 2, trades_beta: 0.1, clean_ratio: 0.0, random_start: True, clip_min/max: (None, None)
2026-01-05 17:00:32 | INFO | torcheeg | 🔍 | Detected cached processing results, reading cache from ./cached_data/seediv_EA.
2026-01-05 17:00:45 | INFO | root | Dataset: seediv, Sample_num: 37575, num_classes: 4
2026-01-05 17:00:45 | INFO | torcheeg | 📊 | Detected existing split of train and test set, use existing split from ./cached_data/seediv_split/kfold_split.
2026-01-05 17:00:45 | INFO | torcheeg | 💡 | If the dataset is re-generated, you need to re-generate the split of the dataset instead of using the previous split.
2026-01-05 17:00:45 | INFO | root | sample num in train set: 30060, sample num in test set: 7515
2026-01-05 17:00:45 | INFO | root | Model: eegnet, Parameter Num: 4080
2026-01-05 17:00:45 | INFO | torcheeg | 📊 | Detected existing split of train and test set, use existing split from ./cached_data/seediv_split/test_val_split_0.
2026-01-05 17:00:45 | INFO | torcheeg | 💡 | If the dataset is re-generated, you need to re-generate the split of the dataset instead of using the previous split.
2026-01-05 17:00:45 | INFO | root | sample num in train set: 30060, sample num in val set: 3757, sample num in test set: 3758
2026-01-05 17:12:38 | INFO | root | Epoch: 1, Train Loss: 1.3880, Val Acc: 0.3319, Val Loss: 1.3452, Test Acc: 0.3425, Test Loss: 1.3550, Learning Rate: 0.001000
2026-01-05 17:23:59 | INFO | root | Epoch: 2, Train Loss: 1.3410, Val Acc: 0.4070, Val Loss: 1.2732, Test Acc: 0.3880, Test Loss: 1.2937, Learning Rate: 0.001000
2026-01-05 17:37:02 | INFO | root | Epoch: 3, Train Loss: 1.3005, Val Acc: 0.4557, Val Loss: 1.2287, Test Acc: 0.4513, Test Loss: 1.2439, Learning Rate: 0.001000
2026-01-05 17:48:07 | INFO | root | Epoch: 4, Train Loss: 1.2685, Val Acc: 0.4871, Val Loss: 1.1866, Test Acc: 0.4758, Test Loss: 1.1997, Learning Rate: 0.001000
2026-01-05 17:59:19 | INFO | root | Epoch: 5, Train Loss: 1.2386, Val Acc: 0.5039, Val Loss: 1.1504, Test Acc: 0.4987, Test Loss: 1.1653, Learning Rate: 0.001000
2026-01-05 18:12:15 | INFO | root | Epoch: 6, Train Loss: 1.2248, Val Acc: 0.4993, Val Loss: 1.1482, Test Acc: 0.4995, Test Loss: 1.1585, Learning Rate: 0.001000
2026-01-05 18:25:49 | INFO | root | Epoch: 7, Train Loss: 1.2188, Val Acc: 0.5156, Val Loss: 1.1314, Test Acc: 0.5122, Test Loss: 1.1477, Learning Rate: 0.001000
2026-01-05 18:38:24 | INFO | root | Epoch: 8, Train Loss: 1.2137, Val Acc: 0.5100, Val Loss: 1.1314, Test Acc: 0.5109, Test Loss: 1.1451, Learning Rate: 0.001000
2026-01-05 18:53:38 | INFO | root | Epoch: 9, Train Loss: 1.2110, Val Acc: 0.5198, Val Loss: 1.1324, Test Acc: 0.5216, Test Loss: 1.1407, Learning Rate: 0.001000
2026-01-05 19:08:17 | INFO | root | Epoch: 10, Train Loss: 1.2074, Val Acc: 0.5156, Val Loss: 1.1277, Test Acc: 0.5144, Test Loss: 1.1396, Learning Rate: 0.001000
2026-01-05 19:24:25 | INFO | root | Epoch: 11, Train Loss: 1.2044, Val Acc: 0.5190, Val Loss: 1.1237, Test Acc: 0.5239, Test Loss: 1.1351, Learning Rate: 0.001000
2026-01-05 19:41:14 | INFO | root | Epoch: 12, Train Loss: 1.2026, Val Acc: 0.5161, Val Loss: 1.1198, Test Acc: 0.5186, Test Loss: 1.1333, Learning Rate: 0.001000
2026-01-05 19:55:17 | INFO | root | Epoch: 13, Train Loss: 1.2018, Val Acc: 0.5217, Val Loss: 1.1232, Test Acc: 0.5213, Test Loss: 1.1348, Learning Rate: 0.001000
2026-01-05 20:07:26 | INFO | root | Epoch: 14, Train Loss: 1.1998, Val Acc: 0.5217, Val Loss: 1.1136, Test Acc: 0.5194, Test Loss: 1.1258, Learning Rate: 0.001000
2026-01-05 20:19:49 | INFO | root | Epoch: 15, Train Loss: 1.1975, Val Acc: 0.5196, Val Loss: 1.1160, Test Acc: 0.5178, Test Loss: 1.1292, Learning Rate: 0.001000
2026-01-05 20:35:46 | INFO | root | Epoch: 16, Train Loss: 1.1952, Val Acc: 0.5214, Val Loss: 1.1122, Test Acc: 0.5149, Test Loss: 1.1256, Learning Rate: 0.001000
2026-01-05 20:51:50 | INFO | root | Epoch: 17, Train Loss: 1.1941, Val Acc: 0.5169, Val Loss: 1.1154, Test Acc: 0.5232, Test Loss: 1.1265, Learning Rate: 0.001000
2026-01-05 21:07:02 | INFO | root | Epoch: 18, Train Loss: 1.1929, Val Acc: 0.5108, Val Loss: 1.1160, Test Acc: 0.5149, Test Loss: 1.1279, Learning Rate: 0.001000
2026-01-05 21:21:55 | INFO | root | Epoch: 19, Train Loss: 1.1911, Val Acc: 0.5249, Val Loss: 1.1068, Test Acc: 0.5234, Test Loss: 1.1228, Learning Rate: 0.001000
2026-01-05 21:35:13 | INFO | root | Epoch: 20, Train Loss: 1.1889, Val Acc: 0.5204, Val Loss: 1.1061, Test Acc: 0.5282, Test Loss: 1.1202, Learning Rate: 0.001000
2026-01-05 21:52:47 | INFO | root | Epoch: 21, Train Loss: 1.1875, Val Acc: 0.5268, Val Loss: 1.1009, Test Acc: 0.5247, Test Loss: 1.1205, Learning Rate: 0.001000
2026-01-05 22:14:56 | INFO | root | Epoch: 22, Train Loss: 1.1863, Val Acc: 0.5318, Val Loss: 1.1033, Test Acc: 0.5309, Test Loss: 1.1192, Learning Rate: 0.001000
2026-01-05 22:25:07 | INFO | root | Epoch: 23, Train Loss: 1.1865, Val Acc: 0.5244, Val Loss: 1.1013, Test Acc: 0.5247, Test Loss: 1.1191, Learning Rate: 0.001000
2026-01-05 22:33:41 | INFO | root | Epoch: 24, Train Loss: 1.1852, Val Acc: 0.5318, Val Loss: 1.1027, Test Acc: 0.5399, Test Loss: 1.1155, Learning Rate: 0.001000
2026-01-05 22:41:41 | INFO | root | Epoch: 25, Train Loss: 1.1829, Val Acc: 0.5299, Val Loss: 1.0984, Test Acc: 0.5301, Test Loss: 1.1154, Learning Rate: 0.001000
2026-01-05 22:48:30 | INFO | root | Epoch: 26, Train Loss: 1.1823, Val Acc: 0.5342, Val Loss: 1.0982, Test Acc: 0.5279, Test Loss: 1.1150, Learning Rate: 0.001000
2026-01-05 22:55:19 | INFO | root | Epoch: 27, Train Loss: 1.1798, Val Acc: 0.5236, Val Loss: 1.0990, Test Acc: 0.5242, Test Loss: 1.1167, Learning Rate: 0.001000
2026-01-05 23:01:55 | INFO | root | Epoch: 28, Train Loss: 1.1799, Val Acc: 0.5366, Val Loss: 1.0918, Test Acc: 0.5306, Test Loss: 1.1108, Learning Rate: 0.001000
2026-01-05 23:08:00 | INFO | root | Epoch: 29, Train Loss: 1.1783, Val Acc: 0.5222, Val Loss: 1.0992, Test Acc: 0.5255, Test Loss: 1.1161, Learning Rate: 0.001000
2026-01-05 23:14:57 | INFO | root | Epoch: 30, Train Loss: 1.1771, Val Acc: 0.5430, Val Loss: 1.0866, Test Acc: 0.5490, Test Loss: 1.1038, Learning Rate: 0.001000
2026-01-05 23:22:05 | INFO | root | Epoch: 31, Train Loss: 1.1774, Val Acc: 0.5427, Val Loss: 1.0888, Test Acc: 0.5447, Test Loss: 1.1051, Learning Rate: 0.001000
2026-01-05 23:29:24 | INFO | root | Epoch: 32, Train Loss: 1.1772, Val Acc: 0.5222, Val Loss: 1.0959, Test Acc: 0.5250, Test Loss: 1.1133, Learning Rate: 0.001000
2026-01-05 23:36:29 | INFO | root | Epoch: 33, Train Loss: 1.1765, Val Acc: 0.5379, Val Loss: 1.0888, Test Acc: 0.5407, Test Loss: 1.1048, Learning Rate: 0.001000
2026-01-05 23:43:28 | INFO | root | Epoch: 34, Train Loss: 1.1771, Val Acc: 0.5401, Val Loss: 1.0875, Test Acc: 0.5410, Test Loss: 1.1045, Learning Rate: 0.001000
2026-01-05 23:49:00 | INFO | root | Epoch: 35, Train Loss: 1.1768, Val Acc: 0.5403, Val Loss: 1.0838, Test Acc: 0.5434, Test Loss: 1.1054, Learning Rate: 0.001000
2026-01-05 23:55:57 | INFO | root | Epoch: 36, Train Loss: 1.1777, Val Acc: 0.5512, Val Loss: 1.0810, Test Acc: 0.5490, Test Loss: 1.1028, Learning Rate: 0.001000
2026-01-06 00:02:59 | INFO | root | Epoch: 37, Train Loss: 1.1741, Val Acc: 0.5334, Val Loss: 1.0875, Test Acc: 0.5407, Test Loss: 1.1070, Learning Rate: 0.001000
2026-01-06 00:09:52 | INFO | root | Epoch: 38, Train Loss: 1.1736, Val Acc: 0.5448, Val Loss: 1.0869, Test Acc: 0.5431, Test Loss: 1.1037, Learning Rate: 0.001000
2026-01-06 00:16:43 | INFO | root | Epoch: 39, Train Loss: 1.1739, Val Acc: 0.5459, Val Loss: 1.0834, Test Acc: 0.5434, Test Loss: 1.1015, Learning Rate: 0.001000
2026-01-06 00:23:16 | INFO | root | Epoch: 40, Train Loss: 1.1730, Val Acc: 0.5488, Val Loss: 1.0819, Test Acc: 0.5484, Test Loss: 1.1002, Learning Rate: 0.001000
2026-01-06 00:29:16 | INFO | root | Epoch: 41, Train Loss: 1.1725, Val Acc: 0.5483, Val Loss: 1.0774, Test Acc: 0.5436, Test Loss: 1.0996, Learning Rate: 0.001000
2026-01-06 00:36:11 | INFO | root | Epoch: 42, Train Loss: 1.1718, Val Acc: 0.5369, Val Loss: 1.0844, Test Acc: 0.5479, Test Loss: 1.1007, Learning Rate: 0.001000
2026-01-06 00:43:04 | INFO | root | Epoch: 43, Train Loss: 1.1707, Val Acc: 0.5496, Val Loss: 1.0752, Test Acc: 0.5463, Test Loss: 1.0946, Learning Rate: 0.001000
2026-01-06 00:50:00 | INFO | root | Epoch: 44, Train Loss: 1.1702, Val Acc: 0.5483, Val Loss: 1.0799, Test Acc: 0.5490, Test Loss: 1.0986, Learning Rate: 0.001000
2026-01-06 00:56:06 | INFO | root | Epoch: 45, Train Loss: 1.1709, Val Acc: 0.5398, Val Loss: 1.0834, Test Acc: 0.5420, Test Loss: 1.1043, Learning Rate: 0.001000
2026-01-06 01:00:54 | INFO | root | Epoch: 46, Train Loss: 1.1700, Val Acc: 0.5451, Val Loss: 1.0829, Test Acc: 0.5423, Test Loss: 1.1016, Learning Rate: 0.001000
2026-01-06 01:05:42 | INFO | root | Epoch: 47, Train Loss: 1.1684, Val Acc: 0.5536, Val Loss: 1.0774, Test Acc: 0.5495, Test Loss: 1.0963, Learning Rate: 0.001000
2026-01-06 01:10:29 | INFO | root | Epoch: 48, Train Loss: 1.1682, Val Acc: 0.5488, Val Loss: 1.0808, Test Acc: 0.5585, Test Loss: 1.0972, Learning Rate: 0.001000
2026-01-06 01:15:16 | INFO | root | Epoch: 49, Train Loss: 1.1676, Val Acc: 0.5523, Val Loss: 1.0816, Test Acc: 0.5524, Test Loss: 1.1011, Learning Rate: 0.001000
2026-01-06 01:20:04 | INFO | root | Epoch: 50, Train Loss: 1.1700, Val Acc: 0.5502, Val Loss: 1.0774, Test Acc: 0.5508, Test Loss: 1.0966, Learning Rate: 0.001000
2026-01-06 01:24:51 | INFO | root | Epoch: 51, Train Loss: 1.1680, Val Acc: 0.5510, Val Loss: 1.0767, Test Acc: 0.5492, Test Loss: 1.0966, Learning Rate: 0.001000
2026-01-06 01:29:35 | INFO | root | Epoch: 52, Train Loss: 1.1663, Val Acc: 0.5494, Val Loss: 1.0761, Test Acc: 0.5553, Test Loss: 1.0954, Learning Rate: 0.001000
2026-01-06 01:34:23 | INFO | root | Epoch: 53, Train Loss: 1.1683, Val Acc: 0.5366, Val Loss: 1.0810, Test Acc: 0.5476, Test Loss: 1.0996, Learning Rate: 0.001000
2026-01-06 01:39:09 | INFO | root | Epoch: 54, Train Loss: 1.1648, Val Acc: 0.5456, Val Loss: 1.0766, Test Acc: 0.5498, Test Loss: 1.0946, Learning Rate: 0.000500
2026-01-06 01:43:57 | INFO | root | Epoch: 55, Train Loss: 1.1591, Val Acc: 0.5534, Val Loss: 1.0704, Test Acc: 0.5482, Test Loss: 1.0917, Learning Rate: 0.000500
2026-01-06 01:48:41 | INFO | root | Epoch: 56, Train Loss: 1.1589, Val Acc: 0.5584, Val Loss: 1.0682, Test Acc: 0.5538, Test Loss: 1.0877, Learning Rate: 0.000500
2026-01-06 01:53:31 | INFO | root | Epoch: 57, Train Loss: 1.1620, Val Acc: 0.5539, Val Loss: 1.0698, Test Acc: 0.5599, Test Loss: 1.0876, Learning Rate: 0.000500
2026-01-06 01:58:18 | INFO | root | Epoch: 58, Train Loss: 1.1589, Val Acc: 0.5478, Val Loss: 1.0707, Test Acc: 0.5553, Test Loss: 1.0911, Learning Rate: 0.000500
2026-01-06 02:03:01 | INFO | root | Epoch: 59, Train Loss: 1.1586, Val Acc: 0.5555, Val Loss: 1.0680, Test Acc: 0.5599, Test Loss: 1.0867, Learning Rate: 0.000500
2026-01-06 02:07:46 | INFO | root | Epoch: 60, Train Loss: 1.1586, Val Acc: 0.5528, Val Loss: 1.0707, Test Acc: 0.5492, Test Loss: 1.0905, Learning Rate: 0.000500
2026-01-06 02:12:30 | INFO | root | Epoch: 61, Train Loss: 1.1605, Val Acc: 0.5526, Val Loss: 1.0703, Test Acc: 0.5498, Test Loss: 1.0912, Learning Rate: 0.000500
2026-01-06 02:17:19 | INFO | root | Epoch: 62, Train Loss: 1.1589, Val Acc: 0.5552, Val Loss: 1.0684, Test Acc: 0.5564, Test Loss: 1.0883, Learning Rate: 0.000500
2026-01-06 02:22:07 | INFO | root | Epoch: 63, Train Loss: 1.1593, Val Acc: 0.5507, Val Loss: 1.0671, Test Acc: 0.5514, Test Loss: 1.0881, Learning Rate: 0.000500
2026-01-06 02:26:51 | INFO | root | Epoch: 64, Train Loss: 1.1572, Val Acc: 0.5563, Val Loss: 1.0664, Test Acc: 0.5540, Test Loss: 1.0883, Learning Rate: 0.000500
2026-01-06 02:31:36 | INFO | root | Epoch: 65, Train Loss: 1.1594, Val Acc: 0.5494, Val Loss: 1.0692, Test Acc: 0.5503, Test Loss: 1.0900, Learning Rate: 0.000500
2026-01-06 02:36:23 | INFO | root | Epoch: 66, Train Loss: 1.1569, Val Acc: 0.5603, Val Loss: 1.0647, Test Acc: 0.5561, Test Loss: 1.0864, Learning Rate: 0.000500
2026-01-06 02:41:09 | INFO | root | Epoch: 67, Train Loss: 1.1572, Val Acc: 0.5528, Val Loss: 1.0659, Test Acc: 0.5530, Test Loss: 1.0879, Learning Rate: 0.000500
2026-01-06 02:45:51 | INFO | root | Epoch: 68, Train Loss: 1.1581, Val Acc: 0.5558, Val Loss: 1.0676, Test Acc: 0.5583, Test Loss: 1.0861, Learning Rate: 0.000500
2026-01-06 02:50:37 | INFO | root | Epoch: 69, Train Loss: 1.1595, Val Acc: 0.5603, Val Loss: 1.0674, Test Acc: 0.5628, Test Loss: 1.0870, Learning Rate: 0.000500
2026-01-06 02:55:23 | INFO | root | Epoch: 70, Train Loss: 1.1573, Val Acc: 0.5542, Val Loss: 1.0673, Test Acc: 0.5569, Test Loss: 1.0862, Learning Rate: 0.000500
2026-01-06 03:00:07 | INFO | root | Epoch: 71, Train Loss: 1.1572, Val Acc: 0.5571, Val Loss: 1.0671, Test Acc: 0.5588, Test Loss: 1.0863, Learning Rate: 0.000500
2026-01-06 03:04:54 | INFO | root | Epoch: 72, Train Loss: 1.1586, Val Acc: 0.5574, Val Loss: 1.0681, Test Acc: 0.5527, Test Loss: 1.0884, Learning Rate: 0.000500
2026-01-06 03:09:41 | INFO | root | Epoch: 73, Train Loss: 1.1568, Val Acc: 0.5560, Val Loss: 1.0726, Test Acc: 0.5540, Test Loss: 1.0906, Learning Rate: 0.000500
2026-01-06 03:14:28 | INFO | root | Epoch: 74, Train Loss: 1.1572, Val Acc: 0.5539, Val Loss: 1.0598, Test Acc: 0.5596, Test Loss: 1.0803, Learning Rate: 0.000500
2026-01-06 03:19:15 | INFO | root | Epoch: 75, Train Loss: 1.1582, Val Acc: 0.5472, Val Loss: 1.0682, Test Acc: 0.5564, Test Loss: 1.0872, Learning Rate: 0.000500
2026-01-06 03:24:02 | INFO | root | Epoch: 76, Train Loss: 1.1579, Val Acc: 0.5510, Val Loss: 1.0629, Test Acc: 0.5604, Test Loss: 1.0799, Learning Rate: 0.000500
2026-01-06 03:28:49 | INFO | root | Epoch: 77, Train Loss: 1.1572, Val Acc: 0.5523, Val Loss: 1.0675, Test Acc: 0.5543, Test Loss: 1.0881, Learning Rate: 0.000500
2026-01-06 03:33:36 | INFO | root | Epoch: 78, Train Loss: 1.1576, Val Acc: 0.5544, Val Loss: 1.0650, Test Acc: 0.5559, Test Loss: 1.0850, Learning Rate: 0.000500
2026-01-06 03:38:22 | INFO | root | Epoch: 79, Train Loss: 1.1583, Val Acc: 0.5563, Val Loss: 1.0624, Test Acc: 0.5625, Test Loss: 1.0825, Learning Rate: 0.000500
2026-01-06 03:43:08 | INFO | root | Epoch: 80, Train Loss: 1.1559, Val Acc: 0.5584, Val Loss: 1.0638, Test Acc: 0.5620, Test Loss: 1.0834, Learning Rate: 0.000500
2026-01-06 03:47:52 | INFO | root | Epoch: 81, Train Loss: 1.1583, Val Acc: 0.5534, Val Loss: 1.0660, Test Acc: 0.5543, Test Loss: 1.0857, Learning Rate: 0.000500
2026-01-06 03:52:36 | INFO | root | Epoch: 82, Train Loss: 1.1568, Val Acc: 0.5582, Val Loss: 1.0628, Test Acc: 0.5583, Test Loss: 1.0822, Learning Rate: 0.000500
2026-01-06 03:57:23 | INFO | root | Epoch: 83, Train Loss: 1.1563, Val Acc: 0.5552, Val Loss: 1.0642, Test Acc: 0.5580, Test Loss: 1.0845, Learning Rate: 0.000500
2026-01-06 04:02:11 | INFO | root | Epoch: 84, Train Loss: 1.1570, Val Acc: 0.5523, Val Loss: 1.0688, Test Acc: 0.5583, Test Loss: 1.0875, Learning Rate: 0.000500
2026-01-06 04:06:57 | INFO | root | Epoch: 85, Train Loss: 1.1577, Val Acc: 0.5611, Val Loss: 1.0600, Test Acc: 0.5601, Test Loss: 1.0813, Learning Rate: 0.000250
2026-01-06 04:11:42 | INFO | root | Epoch: 86, Train Loss: 1.1531, Val Acc: 0.5582, Val Loss: 1.0599, Test Acc: 0.5689, Test Loss: 1.0787, Learning Rate: 0.000250
2026-01-06 04:16:26 | INFO | root | Epoch: 87, Train Loss: 1.1535, Val Acc: 0.5566, Val Loss: 1.0621, Test Acc: 0.5607, Test Loss: 1.0818, Learning Rate: 0.000250
2026-01-06 04:21:11 | INFO | root | Epoch: 88, Train Loss: 1.1523, Val Acc: 0.5555, Val Loss: 1.0626, Test Acc: 0.5607, Test Loss: 1.0795, Learning Rate: 0.000250
2026-01-06 04:25:53 | INFO | root | Epoch: 89, Train Loss: 1.1509, Val Acc: 0.5627, Val Loss: 1.0618, Test Acc: 0.5591, Test Loss: 1.0812, Learning Rate: 0.000250
2026-01-06 04:30:38 | INFO | root | Epoch: 90, Train Loss: 1.1515, Val Acc: 0.5627, Val Loss: 1.0621, Test Acc: 0.5580, Test Loss: 1.0825, Learning Rate: 0.000250
2026-01-06 04:35:24 | INFO | root | Epoch: 91, Train Loss: 1.1513, Val Acc: 0.5582, Val Loss: 1.0610, Test Acc: 0.5577, Test Loss: 1.0793, Learning Rate: 0.000250
2026-01-06 04:40:07 | INFO | root | Epoch: 92, Train Loss: 1.1534, Val Acc: 0.5595, Val Loss: 1.0567, Test Acc: 0.5644, Test Loss: 1.0766, Learning Rate: 0.000250
2026-01-06 04:44:53 | INFO | root | Epoch: 93, Train Loss: 1.1525, Val Acc: 0.5555, Val Loss: 1.0610, Test Acc: 0.5591, Test Loss: 1.0794, Learning Rate: 0.000250
2026-01-06 04:49:38 | INFO | root | Epoch: 94, Train Loss: 1.1515, Val Acc: 0.5603, Val Loss: 1.0573, Test Acc: 0.5583, Test Loss: 1.0787, Learning Rate: 0.000250
2026-01-06 04:54:24 | INFO | root | Epoch: 95, Train Loss: 1.1529, Val Acc: 0.5571, Val Loss: 1.0584, Test Acc: 0.5607, Test Loss: 1.0782, Learning Rate: 0.000250
2026-01-06 04:59:09 | INFO | root | Epoch: 96, Train Loss: 1.1527, Val Acc: 0.5571, Val Loss: 1.0618, Test Acc: 0.5625, Test Loss: 1.0790, Learning Rate: 0.000250
2026-01-06 05:03:51 | INFO | root | Epoch: 97, Train Loss: 1.1528, Val Acc: 0.5608, Val Loss: 1.0603, Test Acc: 0.5596, Test Loss: 1.0797, Learning Rate: 0.000250
2026-01-06 05:08:36 | INFO | root | Epoch: 98, Train Loss: 1.1510, Val Acc: 0.5598, Val Loss: 1.0574, Test Acc: 0.5599, Test Loss: 1.0780, Learning Rate: 0.000250
2026-01-06 05:13:23 | INFO | root | Epoch: 99, Train Loss: 1.1518, Val Acc: 0.5603, Val Loss: 1.0603, Test Acc: 0.5591, Test Loss: 1.0795, Learning Rate: 0.000250
2026-01-06 05:18:09 | INFO | root | Epoch: 100, Train Loss: 1.1521, Val Acc: 0.5616, Val Loss: 1.0568, Test Acc: 0.5561, Test Loss: 1.0779, Learning Rate: 0.000250
2026-01-06 05:22:56 | INFO | root | Epoch: 101, Train Loss: 1.1528, Val Acc: 0.5651, Val Loss: 1.0610, Test Acc: 0.5609, Test Loss: 1.0813, Learning Rate: 0.000250
2026-01-06 05:27:41 | INFO | root | Epoch: 102, Train Loss: 1.1530, Val Acc: 0.5600, Val Loss: 1.0598, Test Acc: 0.5649, Test Loss: 1.0784, Learning Rate: 0.000250
2026-01-06 05:32:24 | INFO | root | Epoch: 103, Train Loss: 1.1523, Val Acc: 0.5614, Val Loss: 1.0558, Test Acc: 0.5655, Test Loss: 1.0750, Learning Rate: 0.000250
2026-01-06 05:37:06 | INFO | root | Epoch: 104, Train Loss: 1.1521, Val Acc: 0.5616, Val Loss: 1.0582, Test Acc: 0.5649, Test Loss: 1.0757, Learning Rate: 0.000250
2026-01-06 05:41:51 | INFO | root | Epoch: 105, Train Loss: 1.1518, Val Acc: 0.5614, Val Loss: 1.0581, Test Acc: 0.5612, Test Loss: 1.0778, Learning Rate: 0.000250
2026-01-06 05:46:37 | INFO | root | Epoch: 106, Train Loss: 1.1496, Val Acc: 0.5645, Val Loss: 1.0589, Test Acc: 0.5623, Test Loss: 1.0779, Learning Rate: 0.000250
2026-01-06 05:51:19 | INFO | root | Epoch: 107, Train Loss: 1.1516, Val Acc: 0.5571, Val Loss: 1.0600, Test Acc: 0.5609, Test Loss: 1.0792, Learning Rate: 0.000250
2026-01-06 05:56:05 | INFO | root | Epoch: 108, Train Loss: 1.1515, Val Acc: 0.5672, Val Loss: 1.0553, Test Acc: 0.5617, Test Loss: 1.0762, Learning Rate: 0.000250
2026-01-06 06:00:53 | INFO | root | Epoch: 109, Train Loss: 1.1511, Val Acc: 0.5587, Val Loss: 1.0561, Test Acc: 0.5607, Test Loss: 1.0757, Learning Rate: 0.000250
2026-01-06 06:05:38 | INFO | root | Epoch: 110, Train Loss: 1.1498, Val Acc: 0.5598, Val Loss: 1.0590, Test Acc: 0.5628, Test Loss: 1.0766, Learning Rate: 0.000250
2026-01-06 06:10:23 | INFO | root | Epoch: 111, Train Loss: 1.1512, Val Acc: 0.5648, Val Loss: 1.0564, Test Acc: 0.5580, Test Loss: 1.0765, Learning Rate: 0.000250
2026-01-06 06:15:09 | INFO | root | Epoch: 112, Train Loss: 1.1513, Val Acc: 0.5637, Val Loss: 1.0570, Test Acc: 0.5673, Test Loss: 1.0745, Learning Rate: 0.000250
2026-01-06 06:19:54 | INFO | root | Epoch: 113, Train Loss: 1.1515, Val Acc: 0.5643, Val Loss: 1.0559, Test Acc: 0.5639, Test Loss: 1.0742, Learning Rate: 0.000250
2026-01-06 06:24:43 | INFO | root | Epoch: 114, Train Loss: 1.1506, Val Acc: 0.5566, Val Loss: 1.0574, Test Acc: 0.5615, Test Loss: 1.0747, Learning Rate: 0.000250
2026-01-06 06:29:33 | INFO | root | Epoch: 115, Train Loss: 1.1502, Val Acc: 0.5616, Val Loss: 1.0546, Test Acc: 0.5580, Test Loss: 1.0746, Learning Rate: 0.000250
2026-01-06 06:34:19 | INFO | root | Epoch: 116, Train Loss: 1.1513, Val Acc: 0.5592, Val Loss: 1.0559, Test Acc: 0.5588, Test Loss: 1.0753, Learning Rate: 0.000250
2026-01-06 06:39:06 | INFO | root | Epoch: 117, Train Loss: 1.1515, Val Acc: 0.5555, Val Loss: 1.0609, Test Acc: 0.5607, Test Loss: 1.0789, Learning Rate: 0.000250
2026-01-06 06:43:54 | INFO | root | Epoch: 118, Train Loss: 1.1518, Val Acc: 0.5616, Val Loss: 1.0570, Test Acc: 0.5572, Test Loss: 1.0777, Learning Rate: 0.000250
2026-01-06 06:48:41 | INFO | root | Epoch: 119, Train Loss: 1.1494, Val Acc: 0.5611, Val Loss: 1.0555, Test Acc: 0.5577, Test Loss: 1.0752, Learning Rate: 0.000250
2026-01-06 06:53:25 | INFO | root | Epoch: 120, Train Loss: 1.1515, Val Acc: 0.5616, Val Loss: 1.0590, Test Acc: 0.5601, Test Loss: 1.0777, Learning Rate: 0.000250
2026-01-06 06:58:08 | INFO | root | Epoch: 121, Train Loss: 1.1508, Val Acc: 0.5603, Val Loss: 1.0554, Test Acc: 0.5607, Test Loss: 1.0753, Learning Rate: 0.000250
2026-01-06 07:02:53 | INFO | root | Epoch: 122, Train Loss: 1.1501, Val Acc: 0.5614, Val Loss: 1.0573, Test Acc: 0.5527, Test Loss: 1.0776, Learning Rate: 0.000250
2026-01-06 07:07:38 | INFO | root | Epoch: 123, Train Loss: 1.1502, Val Acc: 0.5619, Val Loss: 1.0561, Test Acc: 0.5551, Test Loss: 1.0767, Learning Rate: 0.000250
2026-01-06 07:12:25 | INFO | root | Epoch: 124, Train Loss: 1.1512, Val Acc: 0.5683, Val Loss: 1.0537, Test Acc: 0.5609, Test Loss: 1.0739, Learning Rate: 0.000250
2026-01-06 07:17:13 | INFO | root | Epoch: 125, Train Loss: 1.1508, Val Acc: 0.5616, Val Loss: 1.0563, Test Acc: 0.5644, Test Loss: 1.0744, Learning Rate: 0.000250
2026-01-06 07:22:02 | INFO | root | Epoch: 126, Train Loss: 1.1513, Val Acc: 0.5606, Val Loss: 1.0572, Test Acc: 0.5617, Test Loss: 1.0765, Learning Rate: 0.000250
2026-01-06 07:26:50 | INFO | root | Epoch: 127, Train Loss: 1.1513, Val Acc: 0.5616, Val Loss: 1.0558, Test Acc: 0.5583, Test Loss: 1.0755, Learning Rate: 0.000250
2026-01-06 07:31:36 | INFO | root | Epoch: 128, Train Loss: 1.1497, Val Acc: 0.5600, Val Loss: 1.0533, Test Acc: 0.5676, Test Loss: 1.0724, Learning Rate: 0.000250
2026-01-06 07:36:20 | INFO | root | Epoch: 129, Train Loss: 1.1487, Val Acc: 0.5669, Val Loss: 1.0520, Test Acc: 0.5599, Test Loss: 1.0727, Learning Rate: 0.000250
2026-01-06 07:41:05 | INFO | root | Epoch: 130, Train Loss: 1.1497, Val Acc: 0.5667, Val Loss: 1.0528, Test Acc: 0.5620, Test Loss: 1.0731, Learning Rate: 0.000250
2026-01-06 07:45:51 | INFO | root | Epoch: 131, Train Loss: 1.1499, Val Acc: 0.5606, Val Loss: 1.0524, Test Acc: 0.5700, Test Loss: 1.0712, Learning Rate: 0.000250
2026-01-06 07:50:37 | INFO | root | Epoch: 132, Train Loss: 1.1488, Val Acc: 0.5659, Val Loss: 1.0521, Test Acc: 0.5612, Test Loss: 1.0726, Learning Rate: 0.000250
2026-01-06 07:55:22 | INFO | root | Epoch: 133, Train Loss: 1.1495, Val Acc: 0.5645, Val Loss: 1.0561, Test Acc: 0.5612, Test Loss: 1.0749, Learning Rate: 0.000250
2026-01-06 08:00:07 | INFO | root | Epoch: 134, Train Loss: 1.1480, Val Acc: 0.5653, Val Loss: 1.0553, Test Acc: 0.5639, Test Loss: 1.0746, Learning Rate: 0.000250
2026-01-06 08:04:52 | INFO | root | Epoch: 135, Train Loss: 1.1491, Val Acc: 0.5568, Val Loss: 1.0521, Test Acc: 0.5612, Test Loss: 1.0712, Learning Rate: 0.000250
2026-01-06 08:09:40 | INFO | root | Epoch: 136, Train Loss: 1.1503, Val Acc: 0.5606, Val Loss: 1.0540, Test Acc: 0.5628, Test Loss: 1.0738, Learning Rate: 0.000250
2026-01-06 08:14:26 | INFO | root | Epoch: 137, Train Loss: 1.1512, Val Acc: 0.5696, Val Loss: 1.0525, Test Acc: 0.5649, Test Loss: 1.0724, Learning Rate: 0.000250
2026-01-06 08:19:09 | INFO | root | Epoch: 138, Train Loss: 1.1495, Val Acc: 0.5606, Val Loss: 1.0513, Test Acc: 0.5633, Test Loss: 1.0713, Learning Rate: 0.000250
2026-01-06 08:23:54 | INFO | root | Epoch: 139, Train Loss: 1.1489, Val Acc: 0.5592, Val Loss: 1.0557, Test Acc: 0.5585, Test Loss: 1.0754, Learning Rate: 0.000250
2026-01-06 08:28:41 | INFO | root | Epoch: 140, Train Loss: 1.1487, Val Acc: 0.5672, Val Loss: 1.0533, Test Acc: 0.5588, Test Loss: 1.0733, Learning Rate: 0.000250
2026-01-06 08:33:28 | INFO | root | Epoch: 141, Train Loss: 1.1508, Val Acc: 0.5648, Val Loss: 1.0554, Test Acc: 0.5620, Test Loss: 1.0736, Learning Rate: 0.000250
2026-01-06 08:38:13 | INFO | root | Epoch: 142, Train Loss: 1.1480, Val Acc: 0.5622, Val Loss: 1.0549, Test Acc: 0.5625, Test Loss: 1.0735, Learning Rate: 0.000250
2026-01-06 08:42:59 | INFO | root | Epoch: 143, Train Loss: 1.1503, Val Acc: 0.5659, Val Loss: 1.0513, Test Acc: 0.5609, Test Loss: 1.0718, Learning Rate: 0.000250
2026-01-06 08:47:41 | INFO | root | Epoch: 144, Train Loss: 1.1493, Val Acc: 0.5637, Val Loss: 1.0540, Test Acc: 0.5615, Test Loss: 1.0733, Learning Rate: 0.000250
2026-01-06 08:52:21 | INFO | root | Epoch: 145, Train Loss: 1.1496, Val Acc: 0.5627, Val Loss: 1.0506, Test Acc: 0.5596, Test Loss: 1.0715, Learning Rate: 0.000250
2026-01-06 08:57:04 | INFO | root | Epoch: 146, Train Loss: 1.1507, Val Acc: 0.5709, Val Loss: 1.0532, Test Acc: 0.5641, Test Loss: 1.0728, Learning Rate: 0.000250
2026-01-06 09:01:46 | INFO | root | Epoch: 147, Train Loss: 1.1477, Val Acc: 0.5648, Val Loss: 1.0514, Test Acc: 0.5628, Test Loss: 1.0724, Learning Rate: 0.000250
2026-01-06 09:06:28 | INFO | root | Epoch: 148, Train Loss: 1.1491, Val Acc: 0.5637, Val Loss: 1.0546, Test Acc: 0.5567, Test Loss: 1.0741, Learning Rate: 0.000250
2026-01-06 09:11:14 | INFO | root | Epoch: 149, Train Loss: 1.1500, Val Acc: 0.5611, Val Loss: 1.0519, Test Acc: 0.5604, Test Loss: 1.0713, Learning Rate: 0.000250
2026-01-06 09:16:06 | INFO | root | Epoch: 150, Train Loss: 1.1491, Val Acc: 0.5717, Val Loss: 1.0503, Test Acc: 0.5599, Test Loss: 1.0719, Learning Rate: 0.000250
2026-01-06 09:20:54 | INFO | root | Epoch: 151, Train Loss: 1.1476, Val Acc: 0.5661, Val Loss: 1.0508, Test Acc: 0.5591, Test Loss: 1.0718, Learning Rate: 0.000250
2026-01-06 09:25:45 | INFO | root | Epoch: 152, Train Loss: 1.1493, Val Acc: 0.5688, Val Loss: 1.0513, Test Acc: 0.5596, Test Loss: 1.0719, Learning Rate: 0.000250
2026-01-06 09:30:51 | INFO | root | Epoch: 153, Train Loss: 1.1485, Val Acc: 0.5667, Val Loss: 1.0513, Test Acc: 0.5649, Test Loss: 1.0705, Learning Rate: 0.000250
2026-01-06 09:37:31 | INFO | root | Epoch: 154, Train Loss: 1.1506, Val Acc: 0.5696, Val Loss: 1.0503, Test Acc: 0.5644, Test Loss: 1.0702, Learning Rate: 0.000250
2026-01-06 09:45:56 | INFO | root | Epoch: 155, Train Loss: 1.1490, Val Acc: 0.5707, Val Loss: 1.0509, Test Acc: 0.5641, Test Loss: 1.0729, Learning Rate: 0.000250
2026-01-06 09:53:23 | INFO | root | Epoch: 156, Train Loss: 1.1501, Val Acc: 0.5680, Val Loss: 1.0499, Test Acc: 0.5628, Test Loss: 1.0706, Learning Rate: 0.000250
2026-01-06 10:00:41 | INFO | root | Epoch: 157, Train Loss: 1.1481, Val Acc: 0.5643, Val Loss: 1.0517, Test Acc: 0.5615, Test Loss: 1.0709, Learning Rate: 0.000250
2026-01-06 10:08:04 | INFO | root | Epoch: 158, Train Loss: 1.1468, Val Acc: 0.5720, Val Loss: 1.0500, Test Acc: 0.5636, Test Loss: 1.0702, Learning Rate: 0.000250
2026-01-06 10:15:35 | INFO | root | Epoch: 159, Train Loss: 1.1475, Val Acc: 0.5653, Val Loss: 1.0508, Test Acc: 0.5593, Test Loss: 1.0709, Learning Rate: 0.000250
2026-01-06 10:24:45 | INFO | root | Epoch: 160, Train Loss: 1.1498, Val Acc: 0.5696, Val Loss: 1.0476, Test Acc: 0.5660, Test Loss: 1.0684, Learning Rate: 0.000250
2026-01-06 10:32:54 | INFO | root | Epoch: 161, Train Loss: 1.1487, Val Acc: 0.5683, Val Loss: 1.0513, Test Acc: 0.5660, Test Loss: 1.0709, Learning Rate: 0.000250
2026-01-06 10:41:13 | INFO | root | Epoch: 162, Train Loss: 1.1479, Val Acc: 0.5707, Val Loss: 1.0504, Test Acc: 0.5617, Test Loss: 1.0706, Learning Rate: 0.000250
2026-01-06 10:49:37 | INFO | root | Epoch: 163, Train Loss: 1.1494, Val Acc: 0.5680, Val Loss: 1.0498, Test Acc: 0.5636, Test Loss: 1.0686, Learning Rate: 0.000250
2026-01-06 10:57:44 | INFO | root | Epoch: 164, Train Loss: 1.1481, Val Acc: 0.5667, Val Loss: 1.0495, Test Acc: 0.5636, Test Loss: 1.0686, Learning Rate: 0.000250
2026-01-06 11:05:20 | INFO | root | Epoch: 165, Train Loss: 1.1478, Val Acc: 0.5715, Val Loss: 1.0484, Test Acc: 0.5647, Test Loss: 1.0679, Learning Rate: 0.000250
2026-01-06 11:12:57 | INFO | root | Epoch: 166, Train Loss: 1.1483, Val Acc: 0.5672, Val Loss: 1.0496, Test Acc: 0.5668, Test Loss: 1.0691, Learning Rate: 0.000250
2026-01-06 11:20:16 | INFO | root | Epoch: 167, Train Loss: 1.1473, Val Acc: 0.5723, Val Loss: 1.0493, Test Acc: 0.5700, Test Loss: 1.0691, Learning Rate: 0.000250
2026-01-06 11:28:08 | INFO | root | Epoch: 168, Train Loss: 1.1481, Val Acc: 0.5675, Val Loss: 1.0469, Test Acc: 0.5601, Test Loss: 1.0681, Learning Rate: 0.000250
2026-01-06 11:35:41 | INFO | root | Epoch: 169, Train Loss: 1.1488, Val Acc: 0.5693, Val Loss: 1.0513, Test Acc: 0.5655, Test Loss: 1.0707, Learning Rate: 0.000250
2026-01-06 11:42:56 | INFO | root | Epoch: 170, Train Loss: 1.1474, Val Acc: 0.5715, Val Loss: 1.0484, Test Acc: 0.5601, Test Loss: 1.0701, Learning Rate: 0.000250
2026-01-06 11:50:39 | INFO | root | Epoch: 171, Train Loss: 1.1492, Val Acc: 0.5693, Val Loss: 1.0487, Test Acc: 0.5620, Test Loss: 1.0691, Learning Rate: 0.000250
2026-01-06 11:57:50 | INFO | root | Epoch: 172, Train Loss: 1.1487, Val Acc: 0.5648, Val Loss: 1.0512, Test Acc: 0.5657, Test Loss: 1.0698, Learning Rate: 0.000250
2026-01-06 12:05:14 | INFO | root | Epoch: 173, Train Loss: 1.1491, Val Acc: 0.5669, Val Loss: 1.0523, Test Acc: 0.5609, Test Loss: 1.0717, Learning Rate: 0.000250
2026-01-06 12:12:54 | INFO | root | Epoch: 174, Train Loss: 1.1475, Val Acc: 0.5688, Val Loss: 1.0477, Test Acc: 0.5647, Test Loss: 1.0670, Learning Rate: 0.000250
2026-01-06 12:20:30 | INFO | root | Epoch: 175, Train Loss: 1.1479, Val Acc: 0.5709, Val Loss: 1.0487, Test Acc: 0.5668, Test Loss: 1.0687, Learning Rate: 0.000250
2026-01-06 12:27:43 | INFO | root | Epoch: 176, Train Loss: 1.1481, Val Acc: 0.5648, Val Loss: 1.0512, Test Acc: 0.5572, Test Loss: 1.0725, Learning Rate: 0.000250
2026-01-06 12:35:03 | INFO | root | Epoch: 177, Train Loss: 1.1496, Val Acc: 0.5707, Val Loss: 1.0462, Test Acc: 0.5684, Test Loss: 1.0675, Learning Rate: 0.000250
2026-01-06 12:41:19 | INFO | root | Epoch: 178, Train Loss: 1.1471, Val Acc: 0.5653, Val Loss: 1.0465, Test Acc: 0.5663, Test Loss: 1.0656, Learning Rate: 0.000250
2026-01-06 12:49:44 | INFO | root | Epoch: 179, Train Loss: 1.1462, Val Acc: 0.5691, Val Loss: 1.0496, Test Acc: 0.5625, Test Loss: 1.0691, Learning Rate: 0.000250
2026-01-06 12:58:02 | INFO | root | Epoch: 180, Train Loss: 1.1480, Val Acc: 0.5720, Val Loss: 1.0490, Test Acc: 0.5679, Test Loss: 1.0685, Learning Rate: 0.000250
2026-01-06 13:06:06 | INFO | root | Epoch: 181, Train Loss: 1.1464, Val Acc: 0.5715, Val Loss: 1.0454, Test Acc: 0.5652, Test Loss: 1.0674, Learning Rate: 0.000250
2026-01-06 13:14:31 | INFO | root | Epoch: 182, Train Loss: 1.1465, Val Acc: 0.5741, Val Loss: 1.0485, Test Acc: 0.5649, Test Loss: 1.0689, Learning Rate: 0.000250
2026-01-06 13:22:24 | INFO | root | Epoch: 183, Train Loss: 1.1470, Val Acc: 0.5699, Val Loss: 1.0494, Test Acc: 0.5655, Test Loss: 1.0689, Learning Rate: 0.000250
2026-01-06 13:30:55 | INFO | root | Epoch: 184, Train Loss: 1.1479, Val Acc: 0.5717, Val Loss: 1.0476, Test Acc: 0.5641, Test Loss: 1.0674, Learning Rate: 0.000250
2026-01-06 13:38:55 | INFO | root | Epoch: 185, Train Loss: 1.1482, Val Acc: 0.5712, Val Loss: 1.0474, Test Acc: 0.5663, Test Loss: 1.0680, Learning Rate: 0.000250
2026-01-06 13:47:40 | INFO | root | Epoch: 186, Train Loss: 1.1471, Val Acc: 0.5704, Val Loss: 1.0467, Test Acc: 0.5633, Test Loss: 1.0662, Learning Rate: 0.000250
2026-01-06 13:55:15 | INFO | root | Epoch: 187, Train Loss: 1.1463, Val Acc: 0.5672, Val Loss: 1.0471, Test Acc: 0.5673, Test Loss: 1.0669, Learning Rate: 0.000250
2026-01-06 14:03:01 | INFO | root | Epoch: 188, Train Loss: 1.1483, Val Acc: 0.5768, Val Loss: 1.0463, Test Acc: 0.5679, Test Loss: 1.0671, Learning Rate: 0.000250
2026-01-06 14:10:37 | INFO | root | Epoch: 189, Train Loss: 1.1468, Val Acc: 0.5741, Val Loss: 1.0510, Test Acc: 0.5617, Test Loss: 1.0713, Learning Rate: 0.000250
2026-01-06 14:18:52 | INFO | root | Epoch: 190, Train Loss: 1.1466, Val Acc: 0.5635, Val Loss: 1.0506, Test Acc: 0.5609, Test Loss: 1.0707, Learning Rate: 0.000250
2026-01-06 14:27:16 | INFO | root | Epoch: 191, Train Loss: 1.1455, Val Acc: 0.5661, Val Loss: 1.0453, Test Acc: 0.5617, Test Loss: 1.0660, Learning Rate: 0.000250
2026-01-06 14:36:41 | INFO | root | Epoch: 192, Train Loss: 1.1488, Val Acc: 0.5701, Val Loss: 1.0483, Test Acc: 0.5631, Test Loss: 1.0687, Learning Rate: 0.000250
2026-01-06 14:44:32 | INFO | root | Epoch: 193, Train Loss: 1.1480, Val Acc: 0.5704, Val Loss: 1.0502, Test Acc: 0.5708, Test Loss: 1.0698, Learning Rate: 0.000250
2026-01-06 14:53:55 | INFO | root | Epoch: 194, Train Loss: 1.1479, Val Acc: 0.5720, Val Loss: 1.0455, Test Acc: 0.5676, Test Loss: 1.0665, Learning Rate: 0.000250
2026-01-06 15:02:38 | INFO | root | Epoch: 195, Train Loss: 1.1478, Val Acc: 0.5640, Val Loss: 1.0496, Test Acc: 0.5652, Test Loss: 1.0692, Learning Rate: 0.000250
2026-01-06 15:12:08 | INFO | root | Epoch: 196, Train Loss: 1.1460, Val Acc: 0.5757, Val Loss: 1.0449, Test Acc: 0.5679, Test Loss: 1.0649, Learning Rate: 0.000250
2026-01-06 15:20:31 | INFO | root | Epoch: 197, Train Loss: 1.1461, Val Acc: 0.5739, Val Loss: 1.0429, Test Acc: 0.5663, Test Loss: 1.0635, Learning Rate: 0.000250
2026-01-06 15:29:49 | INFO | root | Epoch: 198, Train Loss: 1.1472, Val Acc: 0.5728, Val Loss: 1.0469, Test Acc: 0.5633, Test Loss: 1.0689, Learning Rate: 0.000250
2026-01-06 15:39:29 | INFO | root | Epoch: 199, Train Loss: 1.1458, Val Acc: 0.5763, Val Loss: 1.0452, Test Acc: 0.5689, Test Loss: 1.0656, Learning Rate: 0.000250
2026-01-06 15:48:15 | INFO | root | Epoch: 200, Train Loss: 1.1473, Val Acc: 0.5707, Val Loss: 1.0469, Test Acc: 0.5676, Test Loss: 1.0660, Learning Rate: 0.000250
2026-01-06 15:58:18 | INFO | root | Epoch: 201, Train Loss: 1.1472, Val Acc: 0.5763, Val Loss: 1.0458, Test Acc: 0.5676, Test Loss: 1.0647, Learning Rate: 0.000250
2026-01-06 16:07:02 | INFO | root | Epoch: 202, Train Loss: 1.1491, Val Acc: 0.5755, Val Loss: 1.0476, Test Acc: 0.5679, Test Loss: 1.0682, Learning Rate: 0.000250
2026-01-06 16:16:23 | INFO | root | Epoch: 203, Train Loss: 1.1475, Val Acc: 0.5747, Val Loss: 1.0448, Test Acc: 0.5689, Test Loss: 1.0643, Learning Rate: 0.000250
2026-01-06 16:27:16 | INFO | root | Epoch: 204, Train Loss: 1.1465, Val Acc: 0.5728, Val Loss: 1.0475, Test Acc: 0.5665, Test Loss: 1.0669, Learning Rate: 0.000250
2026-01-06 16:35:13 | INFO | root | Epoch: 205, Train Loss: 1.1477, Val Acc: 0.5752, Val Loss: 1.0466, Test Acc: 0.5724, Test Loss: 1.0664, Learning Rate: 0.000250
2026-01-06 16:42:29 | INFO | root | Epoch: 206, Train Loss: 1.1479, Val Acc: 0.5717, Val Loss: 1.0484, Test Acc: 0.5665, Test Loss: 1.0686, Learning Rate: 0.000250
2026-01-06 16:52:01 | INFO | root | Epoch: 207, Train Loss: 1.1470, Val Acc: 0.5773, Val Loss: 1.0432, Test Acc: 0.5681, Test Loss: 1.0634, Learning Rate: 0.000250
2026-01-06 17:00:34 | INFO | root | Epoch: 208, Train Loss: 1.1472, Val Acc: 0.5731, Val Loss: 1.0487, Test Acc: 0.5636, Test Loss: 1.0702, Learning Rate: 0.000125
2026-01-06 17:07:20 | INFO | root | Epoch: 209, Train Loss: 1.1451, Val Acc: 0.5757, Val Loss: 1.0466, Test Acc: 0.5655, Test Loss: 1.0669, Learning Rate: 0.000125
2026-01-06 17:14:06 | INFO | root | Epoch: 210, Train Loss: 1.1445, Val Acc: 0.5699, Val Loss: 1.0451, Test Acc: 0.5710, Test Loss: 1.0648, Learning Rate: 0.000125
2026-01-06 17:20:46 | INFO | root | Epoch: 211, Train Loss: 1.1458, Val Acc: 0.5765, Val Loss: 1.0448, Test Acc: 0.5684, Test Loss: 1.0650, Learning Rate: 0.000125
2026-01-06 17:27:35 | INFO | root | Epoch: 212, Train Loss: 1.1461, Val Acc: 0.5704, Val Loss: 1.0474, Test Acc: 0.5676, Test Loss: 1.0665, Learning Rate: 0.000125
2026-01-06 17:34:27 | INFO | root | Epoch: 213, Train Loss: 1.1446, Val Acc: 0.5685, Val Loss: 1.0458, Test Acc: 0.5668, Test Loss: 1.0657, Learning Rate: 0.000125
2026-01-06 17:41:11 | INFO | root | Epoch: 214, Train Loss: 1.1459, Val Acc: 0.5752, Val Loss: 1.0449, Test Acc: 0.5726, Test Loss: 1.0640, Learning Rate: 0.000125
2026-01-06 17:47:59 | INFO | root | Epoch: 215, Train Loss: 1.1456, Val Acc: 0.5749, Val Loss: 1.0451, Test Acc: 0.5695, Test Loss: 1.0655, Learning Rate: 0.000125
2026-01-06 17:54:48 | INFO | root | Epoch: 216, Train Loss: 1.1457, Val Acc: 0.5739, Val Loss: 1.0456, Test Acc: 0.5673, Test Loss: 1.0655, Learning Rate: 0.000125
2026-01-06 18:01:33 | INFO | root | Epoch: 217, Train Loss: 1.1444, Val Acc: 0.5725, Val Loss: 1.0453, Test Acc: 0.5668, Test Loss: 1.0651, Learning Rate: 0.000125
2026-01-06 18:01:33 | INFO | root | Early stopping at epoch 217 (no improvement in 20 epochs). Best Val Loss: 1.0429
2026-01-06 18:01:34 | INFO | root | Test Acc: 0.5663, Test Loss: 1.0635
2026-01-06 18:01:34 | INFO | root | Acc: 0.5663±0.0000, Loss: 1.0635±0.0000
