2026-01-05 13:55:03 | INFO | root | Training bciciv2a with eegnet
2026-01-05 13:55:03 | INFO | root | Namespace(dataset='bciciv2a', model='eegnet', at_strategy='trades', epsilon=0.1, pgd_step_size=0.01, pgd_steps=20, fbf_replays=2, trades_beta=0.1, clean_ratio=0.0, clip_min=None, clip_max=None, pgd_random_start=True, epochs=400, batch_size=128, lr=0.001, weight_decay=0, patience=20, seed=42, gpu_id=1)
2026-01-05 13:55:03 | INFO | root | AT config | strategy: trades, eps: 0.1, step size: 0.01, steps: 20, fbf_replays: 2, trades_beta: 0.1, clean_ratio: 0.0, random_start: True, clip_min/max: (None, None)
2026-01-05 13:55:03 | INFO | torcheeg | 🔍 | Detected cached processing results, reading cache from ./cached_data/bciciv2a_EA.
2026-01-05 13:55:05 | INFO | root | Dataset: bciciv2a, Sample_num: 5184, num_classes: 4
2026-01-05 13:55:05 | INFO | torcheeg | 📊 | Detected existing split of train and test set, use existing split from ./cached_data/bciciv2a_split/kfold_split.
2026-01-05 13:55:05 | INFO | torcheeg | 💡 | If the dataset is re-generated, you need to re-generate the split of the dataset instead of using the previous split.
2026-01-05 13:55:05 | INFO | root | sample num in train set: 4147, sample num in test set: 1037
2026-01-05 13:55:06 | INFO | root | Model: eegnet, Parameter Num: 4912
2026-01-05 13:55:06 | INFO | torcheeg | 📊 | Detected existing split of train and test set, use existing split from ./cached_data/bciciv2a_split/test_val_split_0.
2026-01-05 13:55:06 | INFO | torcheeg | 💡 | If the dataset is re-generated, you need to re-generate the split of the dataset instead of using the previous split.
2026-01-05 13:55:06 | INFO | root | sample num in train set: 4147, sample num in val set: 518, sample num in test set: 519
2026-01-05 13:58:47 | INFO | root | Epoch: 1, Train Loss: 1.4031, Val Acc: 0.3359, Val Loss: 1.3619, Test Acc: 0.3314, Test Loss: 1.3587, Learning Rate: 0.001000
2026-01-05 14:01:22 | INFO | root | Epoch: 2, Train Loss: 1.3324, Val Acc: 0.4614, Val Loss: 1.3044, Test Acc: 0.3911, Test Loss: 1.3014, Learning Rate: 0.001000
2026-01-05 14:02:53 | INFO | root | Epoch: 3, Train Loss: 1.2664, Val Acc: 0.4981, Val Loss: 1.2149, Test Acc: 0.4721, Test Loss: 1.2105, Learning Rate: 0.001000
2026-01-05 14:05:09 | INFO | root | Epoch: 4, Train Loss: 1.1994, Val Acc: 0.5367, Val Loss: 1.1448, Test Acc: 0.5279, Test Loss: 1.1344, Learning Rate: 0.001000
2026-01-05 14:07:48 | INFO | root | Epoch: 5, Train Loss: 1.1484, Val Acc: 0.5637, Val Loss: 1.0863, Test Acc: 0.5626, Test Loss: 1.0813, Learning Rate: 0.001000
2026-01-05 14:09:37 | INFO | root | Epoch: 6, Train Loss: 1.1063, Val Acc: 0.5598, Val Loss: 1.0412, Test Acc: 0.5703, Test Loss: 1.0399, Learning Rate: 0.001000
2026-01-05 14:12:29 | INFO | root | Epoch: 7, Train Loss: 1.0786, Val Acc: 0.5772, Val Loss: 1.0138, Test Acc: 0.5934, Test Loss: 1.0156, Learning Rate: 0.001000
2026-01-05 14:16:39 | INFO | root | Epoch: 8, Train Loss: 1.0534, Val Acc: 0.5849, Val Loss: 0.9931, Test Acc: 0.6108, Test Loss: 0.9970, Learning Rate: 0.001000
2026-01-05 14:20:51 | INFO | root | Epoch: 9, Train Loss: 1.0354, Val Acc: 0.6023, Val Loss: 0.9756, Test Acc: 0.6243, Test Loss: 0.9779, Learning Rate: 0.001000
2026-01-05 14:25:21 | INFO | root | Epoch: 10, Train Loss: 1.0268, Val Acc: 0.6236, Val Loss: 0.9513, Test Acc: 0.6397, Test Loss: 0.9644, Learning Rate: 0.001000
2026-01-05 14:28:24 | INFO | root | Epoch: 11, Train Loss: 1.0099, Val Acc: 0.6120, Val Loss: 0.9399, Test Acc: 0.6416, Test Loss: 0.9505, Learning Rate: 0.001000
2026-01-05 14:30:42 | INFO | root | Epoch: 12, Train Loss: 0.9973, Val Acc: 0.6255, Val Loss: 0.9265, Test Acc: 0.6474, Test Loss: 0.9342, Learning Rate: 0.001000
2026-01-05 14:34:03 | INFO | root | Epoch: 13, Train Loss: 0.9878, Val Acc: 0.6486, Val Loss: 0.9137, Test Acc: 0.6551, Test Loss: 0.9176, Learning Rate: 0.001000
2026-01-05 14:37:37 | INFO | root | Epoch: 14, Train Loss: 0.9752, Val Acc: 0.6467, Val Loss: 0.9008, Test Acc: 0.6724, Test Loss: 0.8996, Learning Rate: 0.001000
2026-01-05 14:40:33 | INFO | root | Epoch: 15, Train Loss: 0.9713, Val Acc: 0.6371, Val Loss: 0.8871, Test Acc: 0.6609, Test Loss: 0.8913, Learning Rate: 0.001000
2026-01-05 14:43:35 | INFO | root | Epoch: 16, Train Loss: 0.9565, Val Acc: 0.6602, Val Loss: 0.8657, Test Acc: 0.6840, Test Loss: 0.8695, Learning Rate: 0.001000
2026-01-05 14:47:34 | INFO | root | Epoch: 17, Train Loss: 0.9481, Val Acc: 0.6564, Val Loss: 0.8579, Test Acc: 0.6879, Test Loss: 0.8580, Learning Rate: 0.001000
2026-01-05 14:51:17 | INFO | root | Epoch: 18, Train Loss: 0.9306, Val Acc: 0.6622, Val Loss: 0.8425, Test Acc: 0.6898, Test Loss: 0.8412, Learning Rate: 0.001000
2026-01-05 14:53:01 | INFO | root | Epoch: 19, Train Loss: 0.9264, Val Acc: 0.6718, Val Loss: 0.8268, Test Acc: 0.6994, Test Loss: 0.8270, Learning Rate: 0.001000
2026-01-05 14:54:14 | INFO | root | Epoch: 20, Train Loss: 0.9205, Val Acc: 0.6718, Val Loss: 0.8171, Test Acc: 0.7129, Test Loss: 0.8169, Learning Rate: 0.001000
2026-01-05 14:55:28 | INFO | root | Epoch: 21, Train Loss: 0.9249, Val Acc: 0.6834, Val Loss: 0.8134, Test Acc: 0.7148, Test Loss: 0.8133, Learning Rate: 0.001000
2026-01-05 14:56:16 | INFO | root | Epoch: 22, Train Loss: 0.9188, Val Acc: 0.6892, Val Loss: 0.7996, Test Acc: 0.7033, Test Loss: 0.8131, Learning Rate: 0.001000
2026-01-05 14:58:12 | INFO | root | Epoch: 23, Train Loss: 0.9001, Val Acc: 0.6950, Val Loss: 0.7871, Test Acc: 0.6994, Test Loss: 0.8016, Learning Rate: 0.001000
2026-01-05 14:59:55 | INFO | root | Epoch: 24, Train Loss: 0.8969, Val Acc: 0.6988, Val Loss: 0.7894, Test Acc: 0.7245, Test Loss: 0.7923, Learning Rate: 0.001000
2026-01-05 15:01:31 | INFO | root | Epoch: 25, Train Loss: 0.8984, Val Acc: 0.7046, Val Loss: 0.7791, Test Acc: 0.7091, Test Loss: 0.7924, Learning Rate: 0.001000
2026-01-05 15:03:22 | INFO | root | Epoch: 26, Train Loss: 0.8868, Val Acc: 0.7027, Val Loss: 0.7759, Test Acc: 0.7033, Test Loss: 0.7861, Learning Rate: 0.001000
2026-01-05 15:05:38 | INFO | root | Epoch: 27, Train Loss: 0.8783, Val Acc: 0.7085, Val Loss: 0.7671, Test Acc: 0.7187, Test Loss: 0.7783, Learning Rate: 0.001000
2026-01-05 15:07:15 | INFO | root | Epoch: 28, Train Loss: 0.8783, Val Acc: 0.6988, Val Loss: 0.7652, Test Acc: 0.7206, Test Loss: 0.7752, Learning Rate: 0.001000
2026-01-05 15:08:23 | INFO | root | Epoch: 29, Train Loss: 0.8762, Val Acc: 0.7162, Val Loss: 0.7513, Test Acc: 0.7168, Test Loss: 0.7585, Learning Rate: 0.001000
2026-01-05 15:09:47 | INFO | root | Epoch: 30, Train Loss: 0.8626, Val Acc: 0.7124, Val Loss: 0.7463, Test Acc: 0.7187, Test Loss: 0.7635, Learning Rate: 0.001000
2026-01-05 15:10:50 | INFO | root | Epoch: 31, Train Loss: 0.8664, Val Acc: 0.7201, Val Loss: 0.7451, Test Acc: 0.7206, Test Loss: 0.7615, Learning Rate: 0.001000
2026-01-05 15:11:41 | INFO | root | Epoch: 32, Train Loss: 0.8562, Val Acc: 0.7239, Val Loss: 0.7340, Test Acc: 0.7283, Test Loss: 0.7526, Learning Rate: 0.001000
2026-01-05 15:12:39 | INFO | root | Epoch: 33, Train Loss: 0.8570, Val Acc: 0.7085, Val Loss: 0.7351, Test Acc: 0.7399, Test Loss: 0.7500, Learning Rate: 0.001000
2026-01-05 15:13:30 | INFO | root | Epoch: 34, Train Loss: 0.8538, Val Acc: 0.7317, Val Loss: 0.7252, Test Acc: 0.7360, Test Loss: 0.7470, Learning Rate: 0.001000
2026-01-05 15:14:42 | INFO | root | Epoch: 35, Train Loss: 0.8578, Val Acc: 0.7259, Val Loss: 0.7276, Test Acc: 0.7418, Test Loss: 0.7447, Learning Rate: 0.001000
2026-01-05 15:15:36 | INFO | root | Epoch: 36, Train Loss: 0.8490, Val Acc: 0.7162, Val Loss: 0.7165, Test Acc: 0.7283, Test Loss: 0.7376, Learning Rate: 0.001000
2026-01-05 15:16:01 | INFO | root | Epoch: 37, Train Loss: 0.8459, Val Acc: 0.7317, Val Loss: 0.7123, Test Acc: 0.7360, Test Loss: 0.7401, Learning Rate: 0.001000
2026-01-05 15:16:25 | INFO | root | Epoch: 38, Train Loss: 0.8311, Val Acc: 0.7297, Val Loss: 0.7110, Test Acc: 0.7380, Test Loss: 0.7337, Learning Rate: 0.001000
2026-01-05 15:16:53 | INFO | root | Epoch: 39, Train Loss: 0.8370, Val Acc: 0.7297, Val Loss: 0.7012, Test Acc: 0.7418, Test Loss: 0.7301, Learning Rate: 0.001000
2026-01-05 15:17:22 | INFO | root | Epoch: 40, Train Loss: 0.8404, Val Acc: 0.7355, Val Loss: 0.7022, Test Acc: 0.7264, Test Loss: 0.7302, Learning Rate: 0.001000
2026-01-05 15:17:45 | INFO | root | Epoch: 41, Train Loss: 0.8266, Val Acc: 0.7297, Val Loss: 0.7022, Test Acc: 0.7303, Test Loss: 0.7310, Learning Rate: 0.001000
2026-01-05 15:18:07 | INFO | root | Epoch: 42, Train Loss: 0.8367, Val Acc: 0.7336, Val Loss: 0.6973, Test Acc: 0.7322, Test Loss: 0.7246, Learning Rate: 0.001000
2026-01-05 15:18:34 | INFO | root | Epoch: 43, Train Loss: 0.8355, Val Acc: 0.7432, Val Loss: 0.6979, Test Acc: 0.7206, Test Loss: 0.7228, Learning Rate: 0.001000
2026-01-05 15:18:56 | INFO | root | Epoch: 44, Train Loss: 0.8386, Val Acc: 0.7452, Val Loss: 0.6929, Test Acc: 0.7283, Test Loss: 0.7264, Learning Rate: 0.001000
2026-01-05 15:19:24 | INFO | root | Epoch: 45, Train Loss: 0.8358, Val Acc: 0.7413, Val Loss: 0.6912, Test Acc: 0.7283, Test Loss: 0.7236, Learning Rate: 0.001000
2026-01-05 15:19:51 | INFO | root | Epoch: 46, Train Loss: 0.8240, Val Acc: 0.7355, Val Loss: 0.6867, Test Acc: 0.7322, Test Loss: 0.7183, Learning Rate: 0.001000
2026-01-05 15:20:11 | INFO | root | Epoch: 47, Train Loss: 0.8143, Val Acc: 0.7355, Val Loss: 0.6887, Test Acc: 0.7322, Test Loss: 0.7176, Learning Rate: 0.001000
2026-01-05 15:20:34 | INFO | root | Epoch: 48, Train Loss: 0.8224, Val Acc: 0.7413, Val Loss: 0.6782, Test Acc: 0.7283, Test Loss: 0.7163, Learning Rate: 0.001000
2026-01-05 15:20:58 | INFO | root | Epoch: 49, Train Loss: 0.8138, Val Acc: 0.7413, Val Loss: 0.6843, Test Acc: 0.7322, Test Loss: 0.7207, Learning Rate: 0.001000
2026-01-05 15:21:27 | INFO | root | Epoch: 50, Train Loss: 0.8185, Val Acc: 0.7259, Val Loss: 0.6859, Test Acc: 0.7225, Test Loss: 0.7203, Learning Rate: 0.001000
2026-01-05 15:21:51 | INFO | root | Epoch: 51, Train Loss: 0.8174, Val Acc: 0.7432, Val Loss: 0.6746, Test Acc: 0.7283, Test Loss: 0.7087, Learning Rate: 0.001000
2026-01-05 15:22:13 | INFO | root | Epoch: 52, Train Loss: 0.8061, Val Acc: 0.7432, Val Loss: 0.6738, Test Acc: 0.7418, Test Loss: 0.7080, Learning Rate: 0.001000
2026-01-05 15:22:37 | INFO | root | Epoch: 53, Train Loss: 0.8175, Val Acc: 0.7490, Val Loss: 0.6765, Test Acc: 0.7322, Test Loss: 0.7099, Learning Rate: 0.001000
2026-01-05 15:23:02 | INFO | root | Epoch: 54, Train Loss: 0.8174, Val Acc: 0.7606, Val Loss: 0.6689, Test Acc: 0.7264, Test Loss: 0.7045, Learning Rate: 0.001000
2026-01-05 15:23:26 | INFO | root | Epoch: 55, Train Loss: 0.8130, Val Acc: 0.7529, Val Loss: 0.6650, Test Acc: 0.7303, Test Loss: 0.7032, Learning Rate: 0.001000
2026-01-05 15:23:50 | INFO | root | Epoch: 56, Train Loss: 0.8146, Val Acc: 0.7548, Val Loss: 0.6698, Test Acc: 0.7283, Test Loss: 0.7101, Learning Rate: 0.001000
2026-01-05 15:24:14 | INFO | root | Epoch: 57, Train Loss: 0.8085, Val Acc: 0.7394, Val Loss: 0.6716, Test Acc: 0.7283, Test Loss: 0.7090, Learning Rate: 0.001000
2026-01-05 15:24:36 | INFO | root | Epoch: 58, Train Loss: 0.8073, Val Acc: 0.7375, Val Loss: 0.6690, Test Acc: 0.7303, Test Loss: 0.7042, Learning Rate: 0.001000
2026-01-05 15:25:03 | INFO | root | Epoch: 59, Train Loss: 0.8154, Val Acc: 0.7548, Val Loss: 0.6613, Test Acc: 0.7245, Test Loss: 0.7020, Learning Rate: 0.001000
2026-01-05 15:25:24 | INFO | root | Epoch: 60, Train Loss: 0.8170, Val Acc: 0.7606, Val Loss: 0.6691, Test Acc: 0.7187, Test Loss: 0.7130, Learning Rate: 0.001000
2026-01-05 15:25:47 | INFO | root | Epoch: 61, Train Loss: 0.8061, Val Acc: 0.7452, Val Loss: 0.6682, Test Acc: 0.7283, Test Loss: 0.7061, Learning Rate: 0.001000
2026-01-05 15:26:12 | INFO | root | Epoch: 62, Train Loss: 0.8121, Val Acc: 0.7510, Val Loss: 0.6654, Test Acc: 0.7206, Test Loss: 0.7027, Learning Rate: 0.001000
2026-01-05 15:26:35 | INFO | root | Epoch: 63, Train Loss: 0.8070, Val Acc: 0.7606, Val Loss: 0.6608, Test Acc: 0.7399, Test Loss: 0.6939, Learning Rate: 0.001000
2026-01-05 15:27:00 | INFO | root | Epoch: 64, Train Loss: 0.8073, Val Acc: 0.7568, Val Loss: 0.6649, Test Acc: 0.7399, Test Loss: 0.7037, Learning Rate: 0.001000
2026-01-05 15:27:27 | INFO | root | Epoch: 65, Train Loss: 0.8007, Val Acc: 0.7452, Val Loss: 0.6654, Test Acc: 0.7283, Test Loss: 0.7015, Learning Rate: 0.001000
2026-01-05 15:27:53 | INFO | root | Epoch: 66, Train Loss: 0.8058, Val Acc: 0.7394, Val Loss: 0.6665, Test Acc: 0.7360, Test Loss: 0.6986, Learning Rate: 0.001000
2026-01-05 15:28:15 | INFO | root | Epoch: 67, Train Loss: 0.8030, Val Acc: 0.7452, Val Loss: 0.6613, Test Acc: 0.7264, Test Loss: 0.7018, Learning Rate: 0.001000
2026-01-05 15:28:41 | INFO | root | Epoch: 68, Train Loss: 0.8041, Val Acc: 0.7375, Val Loss: 0.6672, Test Acc: 0.7283, Test Loss: 0.7021, Learning Rate: 0.001000
2026-01-05 15:29:05 | INFO | root | Epoch: 69, Train Loss: 0.8106, Val Acc: 0.7355, Val Loss: 0.6592, Test Acc: 0.7245, Test Loss: 0.7005, Learning Rate: 0.001000
2026-01-05 15:29:27 | INFO | root | Epoch: 70, Train Loss: 0.8016, Val Acc: 0.7645, Val Loss: 0.6590, Test Acc: 0.7303, Test Loss: 0.7000, Learning Rate: 0.001000
2026-01-05 15:29:54 | INFO | root | Epoch: 71, Train Loss: 0.7920, Val Acc: 0.7452, Val Loss: 0.6511, Test Acc: 0.7322, Test Loss: 0.6929, Learning Rate: 0.001000
2026-01-05 15:30:20 | INFO | root | Epoch: 72, Train Loss: 0.7953, Val Acc: 0.7548, Val Loss: 0.6579, Test Acc: 0.7283, Test Loss: 0.7032, Learning Rate: 0.001000
2026-01-05 15:30:51 | INFO | root | Epoch: 73, Train Loss: 0.8032, Val Acc: 0.7645, Val Loss: 0.6547, Test Acc: 0.7245, Test Loss: 0.6999, Learning Rate: 0.001000
2026-01-05 15:31:18 | INFO | root | Epoch: 74, Train Loss: 0.8015, Val Acc: 0.7529, Val Loss: 0.6519, Test Acc: 0.7399, Test Loss: 0.6904, Learning Rate: 0.001000
2026-01-05 15:31:39 | INFO | root | Epoch: 75, Train Loss: 0.7972, Val Acc: 0.7645, Val Loss: 0.6577, Test Acc: 0.7360, Test Loss: 0.7022, Learning Rate: 0.001000
2026-01-05 15:32:05 | INFO | root | Epoch: 76, Train Loss: 0.7900, Val Acc: 0.7548, Val Loss: 0.6496, Test Acc: 0.7399, Test Loss: 0.6843, Learning Rate: 0.001000
2026-01-05 15:32:29 | INFO | root | Epoch: 77, Train Loss: 0.7965, Val Acc: 0.7606, Val Loss: 0.6507, Test Acc: 0.7437, Test Loss: 0.6883, Learning Rate: 0.001000
2026-01-05 15:32:53 | INFO | root | Epoch: 78, Train Loss: 0.7886, Val Acc: 0.7490, Val Loss: 0.6457, Test Acc: 0.7380, Test Loss: 0.6864, Learning Rate: 0.001000
2026-01-05 15:33:19 | INFO | root | Epoch: 79, Train Loss: 0.8077, Val Acc: 0.7587, Val Loss: 0.6468, Test Acc: 0.7341, Test Loss: 0.6887, Learning Rate: 0.001000
2026-01-05 15:33:49 | INFO | root | Epoch: 80, Train Loss: 0.7805, Val Acc: 0.7587, Val Loss: 0.6389, Test Acc: 0.7341, Test Loss: 0.6869, Learning Rate: 0.001000
2026-01-05 15:34:10 | INFO | root | Epoch: 81, Train Loss: 0.8004, Val Acc: 0.7568, Val Loss: 0.6452, Test Acc: 0.7380, Test Loss: 0.6863, Learning Rate: 0.001000
2026-01-05 15:34:33 | INFO | root | Epoch: 82, Train Loss: 0.7967, Val Acc: 0.7625, Val Loss: 0.6411, Test Acc: 0.7264, Test Loss: 0.6877, Learning Rate: 0.001000
2026-01-05 15:35:00 | INFO | root | Epoch: 83, Train Loss: 0.7937, Val Acc: 0.7625, Val Loss: 0.6465, Test Acc: 0.7245, Test Loss: 0.6936, Learning Rate: 0.001000
2026-01-05 15:35:22 | INFO | root | Epoch: 84, Train Loss: 0.7840, Val Acc: 0.7606, Val Loss: 0.6419, Test Acc: 0.7399, Test Loss: 0.6869, Learning Rate: 0.001000
2026-01-05 15:35:47 | INFO | root | Epoch: 85, Train Loss: 0.8043, Val Acc: 0.7645, Val Loss: 0.6470, Test Acc: 0.7303, Test Loss: 0.6939, Learning Rate: 0.001000
2026-01-05 15:36:11 | INFO | root | Epoch: 86, Train Loss: 0.7958, Val Acc: 0.7490, Val Loss: 0.6531, Test Acc: 0.7225, Test Loss: 0.6922, Learning Rate: 0.001000
2026-01-05 15:36:35 | INFO | root | Epoch: 87, Train Loss: 0.7896, Val Acc: 0.7703, Val Loss: 0.6432, Test Acc: 0.7245, Test Loss: 0.6924, Learning Rate: 0.001000
2026-01-05 15:36:58 | INFO | root | Epoch: 88, Train Loss: 0.7888, Val Acc: 0.7645, Val Loss: 0.6391, Test Acc: 0.7341, Test Loss: 0.6892, Learning Rate: 0.001000
2026-01-05 15:37:21 | INFO | root | Epoch: 89, Train Loss: 0.7882, Val Acc: 0.7568, Val Loss: 0.6402, Test Acc: 0.7303, Test Loss: 0.6874, Learning Rate: 0.001000
2026-01-05 15:37:46 | INFO | root | Epoch: 90, Train Loss: 0.7949, Val Acc: 0.7568, Val Loss: 0.6412, Test Acc: 0.7245, Test Loss: 0.6876, Learning Rate: 0.001000
2026-01-05 15:38:17 | INFO | root | Epoch: 91, Train Loss: 0.7875, Val Acc: 0.7606, Val Loss: 0.6370, Test Acc: 0.7264, Test Loss: 0.6852, Learning Rate: 0.001000
2026-01-05 15:38:41 | INFO | root | Epoch: 92, Train Loss: 0.7876, Val Acc: 0.7606, Val Loss: 0.6334, Test Acc: 0.7245, Test Loss: 0.6837, Learning Rate: 0.001000
2026-01-05 15:39:08 | INFO | root | Epoch: 93, Train Loss: 0.7865, Val Acc: 0.7606, Val Loss: 0.6378, Test Acc: 0.7303, Test Loss: 0.6814, Learning Rate: 0.001000
2026-01-05 15:39:33 | INFO | root | Epoch: 94, Train Loss: 0.7899, Val Acc: 0.7664, Val Loss: 0.6316, Test Acc: 0.7206, Test Loss: 0.6848, Learning Rate: 0.001000
2026-01-05 15:40:02 | INFO | root | Epoch: 95, Train Loss: 0.7846, Val Acc: 0.7683, Val Loss: 0.6410, Test Acc: 0.7245, Test Loss: 0.6881, Learning Rate: 0.001000
2026-01-05 15:40:28 | INFO | root | Epoch: 96, Train Loss: 0.7895, Val Acc: 0.7568, Val Loss: 0.6416, Test Acc: 0.7245, Test Loss: 0.6921, Learning Rate: 0.001000
2026-01-05 15:40:56 | INFO | root | Epoch: 97, Train Loss: 0.7889, Val Acc: 0.7606, Val Loss: 0.6350, Test Acc: 0.7322, Test Loss: 0.6893, Learning Rate: 0.001000
2026-01-05 15:41:20 | INFO | root | Epoch: 98, Train Loss: 0.7914, Val Acc: 0.7471, Val Loss: 0.6436, Test Acc: 0.7283, Test Loss: 0.6953, Learning Rate: 0.001000
2026-01-05 15:41:54 | INFO | root | Epoch: 99, Train Loss: 0.7837, Val Acc: 0.7683, Val Loss: 0.6367, Test Acc: 0.7264, Test Loss: 0.6898, Learning Rate: 0.001000
2026-01-05 15:42:18 | INFO | root | Epoch: 100, Train Loss: 0.7883, Val Acc: 0.7683, Val Loss: 0.6372, Test Acc: 0.7360, Test Loss: 0.6828, Learning Rate: 0.001000
2026-01-05 15:42:39 | INFO | root | Epoch: 101, Train Loss: 0.7756, Val Acc: 0.7703, Val Loss: 0.6355, Test Acc: 0.7303, Test Loss: 0.6817, Learning Rate: 0.001000
2026-01-05 15:42:59 | INFO | root | Epoch: 102, Train Loss: 0.7830, Val Acc: 0.7490, Val Loss: 0.6376, Test Acc: 0.7264, Test Loss: 0.6842, Learning Rate: 0.001000
2026-01-05 15:43:21 | INFO | root | Epoch: 103, Train Loss: 0.7818, Val Acc: 0.7664, Val Loss: 0.6286, Test Acc: 0.7245, Test Loss: 0.6786, Learning Rate: 0.001000
2026-01-05 15:43:50 | INFO | root | Epoch: 104, Train Loss: 0.7790, Val Acc: 0.7722, Val Loss: 0.6306, Test Acc: 0.7380, Test Loss: 0.6799, Learning Rate: 0.001000
2026-01-05 15:44:23 | INFO | root | Epoch: 105, Train Loss: 0.7759, Val Acc: 0.7625, Val Loss: 0.6368, Test Acc: 0.7360, Test Loss: 0.6814, Learning Rate: 0.001000
2026-01-05 15:44:52 | INFO | root | Epoch: 106, Train Loss: 0.7866, Val Acc: 0.7722, Val Loss: 0.6302, Test Acc: 0.7245, Test Loss: 0.6754, Learning Rate: 0.001000
2026-01-05 15:45:16 | INFO | root | Epoch: 107, Train Loss: 0.7745, Val Acc: 0.7722, Val Loss: 0.6364, Test Acc: 0.7303, Test Loss: 0.6792, Learning Rate: 0.001000
2026-01-05 15:45:39 | INFO | root | Epoch: 108, Train Loss: 0.7847, Val Acc: 0.7683, Val Loss: 0.6305, Test Acc: 0.7341, Test Loss: 0.6716, Learning Rate: 0.001000
2026-01-05 15:46:04 | INFO | root | Epoch: 109, Train Loss: 0.7835, Val Acc: 0.7761, Val Loss: 0.6339, Test Acc: 0.7360, Test Loss: 0.6795, Learning Rate: 0.001000
2026-01-05 15:46:27 | INFO | root | Epoch: 110, Train Loss: 0.7794, Val Acc: 0.7780, Val Loss: 0.6355, Test Acc: 0.7341, Test Loss: 0.6838, Learning Rate: 0.001000
2026-01-05 15:46:50 | INFO | root | Epoch: 111, Train Loss: 0.7819, Val Acc: 0.7703, Val Loss: 0.6303, Test Acc: 0.7283, Test Loss: 0.6738, Learning Rate: 0.001000
2026-01-05 15:47:16 | INFO | root | Epoch: 112, Train Loss: 0.7760, Val Acc: 0.7780, Val Loss: 0.6270, Test Acc: 0.7380, Test Loss: 0.6752, Learning Rate: 0.001000
2026-01-05 15:47:38 | INFO | root | Epoch: 113, Train Loss: 0.7738, Val Acc: 0.7838, Val Loss: 0.6304, Test Acc: 0.7380, Test Loss: 0.6709, Learning Rate: 0.001000
2026-01-05 15:48:09 | INFO | root | Epoch: 114, Train Loss: 0.7825, Val Acc: 0.7780, Val Loss: 0.6255, Test Acc: 0.7476, Test Loss: 0.6661, Learning Rate: 0.001000
2026-01-05 15:48:32 | INFO | root | Epoch: 115, Train Loss: 0.7745, Val Acc: 0.7799, Val Loss: 0.6324, Test Acc: 0.7206, Test Loss: 0.6780, Learning Rate: 0.001000
2026-01-05 15:48:55 | INFO | root | Epoch: 116, Train Loss: 0.7827, Val Acc: 0.7838, Val Loss: 0.6310, Test Acc: 0.7437, Test Loss: 0.6764, Learning Rate: 0.001000
2026-01-05 15:49:20 | INFO | root | Epoch: 117, Train Loss: 0.7845, Val Acc: 0.7761, Val Loss: 0.6311, Test Acc: 0.7264, Test Loss: 0.6722, Learning Rate: 0.001000
2026-01-05 15:49:46 | INFO | root | Epoch: 118, Train Loss: 0.7762, Val Acc: 0.7761, Val Loss: 0.6308, Test Acc: 0.7341, Test Loss: 0.6770, Learning Rate: 0.001000
2026-01-05 15:50:12 | INFO | root | Epoch: 119, Train Loss: 0.7646, Val Acc: 0.7838, Val Loss: 0.6241, Test Acc: 0.7418, Test Loss: 0.6701, Learning Rate: 0.001000
2026-01-05 15:50:35 | INFO | root | Epoch: 120, Train Loss: 0.7790, Val Acc: 0.7780, Val Loss: 0.6333, Test Acc: 0.7206, Test Loss: 0.6757, Learning Rate: 0.001000
2026-01-05 15:50:57 | INFO | root | Epoch: 121, Train Loss: 0.7823, Val Acc: 0.7799, Val Loss: 0.6287, Test Acc: 0.7437, Test Loss: 0.6728, Learning Rate: 0.001000
2026-01-05 15:51:20 | INFO | root | Epoch: 122, Train Loss: 0.7690, Val Acc: 0.7876, Val Loss: 0.6235, Test Acc: 0.7341, Test Loss: 0.6730, Learning Rate: 0.001000
2026-01-05 15:51:42 | INFO | root | Epoch: 123, Train Loss: 0.7750, Val Acc: 0.7819, Val Loss: 0.6275, Test Acc: 0.7341, Test Loss: 0.6792, Learning Rate: 0.001000
2026-01-05 15:52:05 | INFO | root | Epoch: 124, Train Loss: 0.7812, Val Acc: 0.7606, Val Loss: 0.6322, Test Acc: 0.7341, Test Loss: 0.6780, Learning Rate: 0.001000
2026-01-05 15:52:30 | INFO | root | Epoch: 125, Train Loss: 0.7795, Val Acc: 0.7741, Val Loss: 0.6309, Test Acc: 0.7245, Test Loss: 0.6750, Learning Rate: 0.001000
2026-01-05 15:53:00 | INFO | root | Epoch: 126, Train Loss: 0.7688, Val Acc: 0.7741, Val Loss: 0.6315, Test Acc: 0.7283, Test Loss: 0.6742, Learning Rate: 0.001000
2026-01-05 15:53:20 | INFO | root | Epoch: 127, Train Loss: 0.7730, Val Acc: 0.7761, Val Loss: 0.6236, Test Acc: 0.7399, Test Loss: 0.6684, Learning Rate: 0.001000
2026-01-05 15:53:42 | INFO | root | Epoch: 128, Train Loss: 0.7768, Val Acc: 0.7780, Val Loss: 0.6341, Test Acc: 0.7264, Test Loss: 0.6781, Learning Rate: 0.001000
2026-01-05 15:54:05 | INFO | root | Epoch: 129, Train Loss: 0.7747, Val Acc: 0.7896, Val Loss: 0.6292, Test Acc: 0.7264, Test Loss: 0.6766, Learning Rate: 0.001000
2026-01-05 15:54:29 | INFO | root | Epoch: 130, Train Loss: 0.7692, Val Acc: 0.7741, Val Loss: 0.6303, Test Acc: 0.7322, Test Loss: 0.6787, Learning Rate: 0.001000
2026-01-05 15:54:52 | INFO | root | Epoch: 131, Train Loss: 0.7746, Val Acc: 0.7857, Val Loss: 0.6252, Test Acc: 0.7418, Test Loss: 0.6692, Learning Rate: 0.001000
2026-01-05 15:55:16 | INFO | root | Epoch: 132, Train Loss: 0.7764, Val Acc: 0.7780, Val Loss: 0.6297, Test Acc: 0.7418, Test Loss: 0.6789, Learning Rate: 0.001000
2026-01-05 15:55:44 | INFO | root | Epoch: 133, Train Loss: 0.7753, Val Acc: 0.7799, Val Loss: 0.6303, Test Acc: 0.7322, Test Loss: 0.6749, Learning Rate: 0.000500
2026-01-05 15:56:09 | INFO | root | Epoch: 134, Train Loss: 0.7686, Val Acc: 0.7819, Val Loss: 0.6282, Test Acc: 0.7303, Test Loss: 0.6690, Learning Rate: 0.000500
2026-01-05 15:56:36 | INFO | root | Epoch: 135, Train Loss: 0.7663, Val Acc: 0.7838, Val Loss: 0.6279, Test Acc: 0.7322, Test Loss: 0.6690, Learning Rate: 0.000500
2026-01-05 15:56:57 | INFO | root | Epoch: 136, Train Loss: 0.7618, Val Acc: 0.7761, Val Loss: 0.6260, Test Acc: 0.7225, Test Loss: 0.6697, Learning Rate: 0.000500
2026-01-05 15:57:30 | INFO | root | Epoch: 137, Train Loss: 0.7641, Val Acc: 0.7838, Val Loss: 0.6260, Test Acc: 0.7264, Test Loss: 0.6677, Learning Rate: 0.000500
2026-01-05 15:58:03 | INFO | root | Epoch: 138, Train Loss: 0.7697, Val Acc: 0.7819, Val Loss: 0.6284, Test Acc: 0.7206, Test Loss: 0.6714, Learning Rate: 0.000500
2026-01-05 15:58:34 | INFO | root | Epoch: 139, Train Loss: 0.7643, Val Acc: 0.7780, Val Loss: 0.6263, Test Acc: 0.7245, Test Loss: 0.6667, Learning Rate: 0.000500
2026-01-05 15:59:05 | INFO | root | Epoch: 140, Train Loss: 0.7731, Val Acc: 0.7857, Val Loss: 0.6234, Test Acc: 0.7322, Test Loss: 0.6656, Learning Rate: 0.000500
2026-01-05 15:59:39 | INFO | root | Epoch: 141, Train Loss: 0.7598, Val Acc: 0.7819, Val Loss: 0.6265, Test Acc: 0.7264, Test Loss: 0.6687, Learning Rate: 0.000500
2026-01-05 16:00:08 | INFO | root | Epoch: 142, Train Loss: 0.7572, Val Acc: 0.7857, Val Loss: 0.6221, Test Acc: 0.7322, Test Loss: 0.6652, Learning Rate: 0.000500
2026-01-05 16:00:34 | INFO | root | Epoch: 143, Train Loss: 0.7742, Val Acc: 0.7838, Val Loss: 0.6244, Test Acc: 0.7245, Test Loss: 0.6643, Learning Rate: 0.000500
2026-01-05 16:01:03 | INFO | root | Epoch: 144, Train Loss: 0.7594, Val Acc: 0.7799, Val Loss: 0.6194, Test Acc: 0.7322, Test Loss: 0.6606, Learning Rate: 0.000500
2026-01-05 16:01:28 | INFO | root | Epoch: 145, Train Loss: 0.7582, Val Acc: 0.7780, Val Loss: 0.6200, Test Acc: 0.7341, Test Loss: 0.6651, Learning Rate: 0.000500
2026-01-05 16:02:03 | INFO | root | Epoch: 146, Train Loss: 0.7725, Val Acc: 0.7819, Val Loss: 0.6269, Test Acc: 0.7264, Test Loss: 0.6689, Learning Rate: 0.000500
2026-01-05 16:02:32 | INFO | root | Epoch: 147, Train Loss: 0.7685, Val Acc: 0.7819, Val Loss: 0.6284, Test Acc: 0.7245, Test Loss: 0.6690, Learning Rate: 0.000500
2026-01-05 16:02:56 | INFO | root | Epoch: 148, Train Loss: 0.7607, Val Acc: 0.7857, Val Loss: 0.6274, Test Acc: 0.7303, Test Loss: 0.6714, Learning Rate: 0.000500
2026-01-05 16:03:24 | INFO | root | Epoch: 149, Train Loss: 0.7586, Val Acc: 0.7703, Val Loss: 0.6293, Test Acc: 0.7399, Test Loss: 0.6701, Learning Rate: 0.000500
2026-01-05 16:03:50 | INFO | root | Epoch: 150, Train Loss: 0.7601, Val Acc: 0.7838, Val Loss: 0.6274, Test Acc: 0.7283, Test Loss: 0.6672, Learning Rate: 0.000500
2026-01-05 16:04:14 | INFO | root | Epoch: 151, Train Loss: 0.7599, Val Acc: 0.7741, Val Loss: 0.6294, Test Acc: 0.7322, Test Loss: 0.6710, Learning Rate: 0.000500
2026-01-05 16:04:37 | INFO | root | Epoch: 152, Train Loss: 0.7573, Val Acc: 0.7819, Val Loss: 0.6306, Test Acc: 0.7303, Test Loss: 0.6727, Learning Rate: 0.000500
2026-01-05 16:05:00 | INFO | root | Epoch: 153, Train Loss: 0.7608, Val Acc: 0.7761, Val Loss: 0.6248, Test Acc: 0.7322, Test Loss: 0.6682, Learning Rate: 0.000500
2026-01-05 16:05:33 | INFO | root | Epoch: 154, Train Loss: 0.7661, Val Acc: 0.7683, Val Loss: 0.6318, Test Acc: 0.7322, Test Loss: 0.6723, Learning Rate: 0.000500
2026-01-05 16:06:11 | INFO | root | Epoch: 155, Train Loss: 0.7566, Val Acc: 0.7741, Val Loss: 0.6243, Test Acc: 0.7225, Test Loss: 0.6666, Learning Rate: 0.000250
2026-01-05 16:06:37 | INFO | root | Epoch: 156, Train Loss: 0.7482, Val Acc: 0.7722, Val Loss: 0.6253, Test Acc: 0.7264, Test Loss: 0.6678, Learning Rate: 0.000250
2026-01-05 16:07:08 | INFO | root | Epoch: 157, Train Loss: 0.7541, Val Acc: 0.7799, Val Loss: 0.6232, Test Acc: 0.7341, Test Loss: 0.6638, Learning Rate: 0.000250
2026-01-05 16:07:45 | INFO | root | Epoch: 158, Train Loss: 0.7662, Val Acc: 0.7799, Val Loss: 0.6287, Test Acc: 0.7206, Test Loss: 0.6697, Learning Rate: 0.000250
2026-01-05 16:08:29 | INFO | root | Epoch: 159, Train Loss: 0.7594, Val Acc: 0.7722, Val Loss: 0.6289, Test Acc: 0.7264, Test Loss: 0.6718, Learning Rate: 0.000250
2026-01-05 16:09:00 | INFO | root | Epoch: 160, Train Loss: 0.7585, Val Acc: 0.7799, Val Loss: 0.6261, Test Acc: 0.7264, Test Loss: 0.6662, Learning Rate: 0.000250
2026-01-05 16:09:37 | INFO | root | Epoch: 161, Train Loss: 0.7577, Val Acc: 0.7838, Val Loss: 0.6247, Test Acc: 0.7303, Test Loss: 0.6655, Learning Rate: 0.000250
2026-01-05 16:10:21 | INFO | root | Epoch: 162, Train Loss: 0.7619, Val Acc: 0.7780, Val Loss: 0.6241, Test Acc: 0.7303, Test Loss: 0.6654, Learning Rate: 0.000250
2026-01-05 16:10:58 | INFO | root | Epoch: 163, Train Loss: 0.7502, Val Acc: 0.7819, Val Loss: 0.6248, Test Acc: 0.7264, Test Loss: 0.6673, Learning Rate: 0.000250
2026-01-05 16:11:38 | INFO | root | Epoch: 164, Train Loss: 0.7552, Val Acc: 0.7741, Val Loss: 0.6240, Test Acc: 0.7341, Test Loss: 0.6665, Learning Rate: 0.000250
2026-01-05 16:11:38 | INFO | root | Early stopping at epoch 164 (no improvement in 20 epochs). Best Val Loss: 0.6194
2026-01-05 16:11:39 | INFO | root | Test Acc: 0.7322, Test Loss: 0.6606
2026-01-05 16:11:39 | INFO | root | Acc: 0.7322±0.0000, Loss: 0.6606±0.0000
