nohup: 忽略输入
no change     /home/yhj/miniconda3/condabin/conda
no change     /home/yhj/miniconda3/bin/conda
no change     /home/yhj/miniconda3/bin/conda-env
no change     /home/yhj/miniconda3/bin/activate
no change     /home/yhj/miniconda3/bin/deactivate
no change     /home/yhj/miniconda3/etc/profile.d/conda.sh
no change     /home/yhj/miniconda3/etc/fish/conf.d/conda.fish
no change     /home/yhj/miniconda3/shell/condabin/Conda.psm1
no change     /home/yhj/miniconda3/shell/condabin/conda-hook.ps1
no change     /home/yhj/miniconda3/lib/python3.12/site-packages/xontrib/conda.xsh
no change     /home/yhj/miniconda3/etc/profile.d/conda.csh
no change     /home/yhj/.bashrc
No action taken.

CondaError: Run 'conda init' before 'conda activate'

/home/yhj/miniconda3/envs/torch/lib/python3.11/site-packages/pydantic/_internal/_generate_schema.py:2249: UnsupportedFieldAttributeWarning: The 'repr' attribute with value False was provided to the `Field()` function, which has no effect in the context it was used. 'repr' is field-specific metadata, and can only be attached to a model field using `Annotated` metadata or by assignment. This may have happened because an `Annotated` type alias using the `type` statement was used, or if the `Field()` function was attached to a single member of a union type.
  warnings.warn(
/home/yhj/miniconda3/envs/torch/lib/python3.11/site-packages/pydantic/_internal/_generate_schema.py:2249: UnsupportedFieldAttributeWarning: The 'frozen' attribute with value True was provided to the `Field()` function, which has no effect in the context it was used. 'frozen' is field-specific metadata, and can only be attached to a model field using `Annotated` metadata or by assignment. This may have happened because an `Annotated` type alias using the `type` statement was used, or if the `Field()` function was attached to a single member of a union type.
  warnings.warn(
[2025-11-07 15:26:28] INFO (torcheeg/MainThread) 🔍 | Detected cached processing results, reading cache from ./cached_data/bciciv2a_EA.
[2025-11-07 15:26:29] INFO (torcheeg/MainThread) 📊 | Detected existing split of train and test set, use existing split from ./cached_data/bciciv2a_split/kfold_split.
[2025-11-07 15:26:29] INFO (torcheeg/MainThread) 💡 | If the dataset is re-generated, you need to re-generate the split of the dataset instead of using the previous split.
[2025-11-07 15:26:29] INFO (torcheeg/MainThread) 📊 | Detected existing split of train and test set, use existing split from ./cached_data/bciciv2a_split/test_val_split_0.
[2025-11-07 15:26:29] INFO (torcheeg/MainThread) 💡 | If the dataset is re-generated, you need to re-generate the split of the dataset instead of using the previous split.
/home/yhj/pythonProject/EEGAP/purify.py:177: FutureWarning: You are using `torch.load` with `weights_only=False` (the current default value), which uses the default pickle module implicitly. It is possible to construct malicious pickle data which will execute arbitrary code during unpickling (See https://github.com/pytorch/pytorch/blob/main/SECURITY.md#untrusted-models for more details). In a future release, the default value for `weights_only` will be flipped to `True`. This limits the functions that could be executed during unpickling. Arbitrary objects will no longer be allowed to be loaded via this mode unless they are explicitly allowlisted by the user via `torch.serialization.add_safe_globals`. We recommend you start setting `weights_only=True` for any use case where you don't have full control of the loaded file. Please open an issue on GitHub for any issues related to this experimental feature.
  ad_data, labels = torch.load(f'./ad_data/{args.dataset}_{args.model}_{args.attack}_{args.seed}_fold{args.fold}.pth')
/home/yhj/pythonProject/EEGAP/purify.py:197: FutureWarning: You are using `torch.load` with `weights_only=False` (the current default value), which uses the default pickle module implicitly. It is possible to construct malicious pickle data which will execute arbitrary code during unpickling (See https://github.com/pytorch/pytorch/blob/main/SECURITY.md#untrusted-models for more details). In a future release, the default value for `weights_only` will be flipped to `True`. This limits the functions that could be executed during unpickling. Arbitrary objects will no longer be allowed to be loaded via this mode unless they are explicitly allowlisted by the user via `torch.serialization.add_safe_globals`. We recommend you start setting `weights_only=True` for any use case where you don't have full control of the loaded file. Please open an issue on GitHub for any issues related to this experimental feature.
  checkpoint = torch.load(f'./checkpoints/{args.dataset}_{args.model}_{args.seed}_fold{args.fold}_best.pth', map_location=device)
/home/yhj/miniconda3/envs/torch/lib/python3.11/site-packages/pydantic/_internal/_generate_schema.py:2249: UnsupportedFieldAttributeWarning: The 'repr' attribute with value False was provided to the `Field()` function, which has no effect in the context it was used. 'repr' is field-specific metadata, and can only be attached to a model field using `Annotated` metadata or by assignment. This may have happened because an `Annotated` type alias using the `type` statement was used, or if the `Field()` function was attached to a single member of a union type.
  warnings.warn(
/home/yhj/miniconda3/envs/torch/lib/python3.11/site-packages/pydantic/_internal/_generate_schema.py:2249: UnsupportedFieldAttributeWarning: The 'frozen' attribute with value True was provided to the `Field()` function, which has no effect in the context it was used. 'frozen' is field-specific metadata, and can only be attached to a model field using `Annotated` metadata or by assignment. This may have happened because an `Annotated` type alias using the `type` statement was used, or if the `Field()` function was attached to a single member of a union type.
  warnings.warn(
[2025-11-07 15:27:28] INFO (torcheeg/MainThread) 🔍 | Detected cached processing results, reading cache from ./cached_data/bciciv2a_EA.
[2025-11-07 15:27:29] INFO (torcheeg/MainThread) 📊 | Detected existing split of train and test set, use existing split from ./cached_data/bciciv2a_split/kfold_split.
[2025-11-07 15:27:29] INFO (torcheeg/MainThread) 💡 | If the dataset is re-generated, you need to re-generate the split of the dataset instead of using the previous split.
[2025-11-07 15:27:29] INFO (torcheeg/MainThread) 📊 | Detected existing split of train and test set, use existing split from ./cached_data/bciciv2a_split/test_val_split_0.
[2025-11-07 15:27:29] INFO (torcheeg/MainThread) 💡 | If the dataset is re-generated, you need to re-generate the split of the dataset instead of using the previous split.
/home/yhj/pythonProject/EEGAP/purify.py:177: FutureWarning: You are using `torch.load` with `weights_only=False` (the current default value), which uses the default pickle module implicitly. It is possible to construct malicious pickle data which will execute arbitrary code during unpickling (See https://github.com/pytorch/pytorch/blob/main/SECURITY.md#untrusted-models for more details). In a future release, the default value for `weights_only` will be flipped to `True`. This limits the functions that could be executed during unpickling. Arbitrary objects will no longer be allowed to be loaded via this mode unless they are explicitly allowlisted by the user via `torch.serialization.add_safe_globals`. We recommend you start setting `weights_only=True` for any use case where you don't have full control of the loaded file. Please open an issue on GitHub for any issues related to this experimental feature.
  ad_data, labels = torch.load(f'./ad_data/{args.dataset}_{args.model}_{args.attack}_{args.seed}_fold{args.fold}.pth')
/home/yhj/pythonProject/EEGAP/purify.py:197: FutureWarning: You are using `torch.load` with `weights_only=False` (the current default value), which uses the default pickle module implicitly. It is possible to construct malicious pickle data which will execute arbitrary code during unpickling (See https://github.com/pytorch/pytorch/blob/main/SECURITY.md#untrusted-models for more details). In a future release, the default value for `weights_only` will be flipped to `True`. This limits the functions that could be executed during unpickling. Arbitrary objects will no longer be allowed to be loaded via this mode unless they are explicitly allowlisted by the user via `torch.serialization.add_safe_globals`. We recommend you start setting `weights_only=True` for any use case where you don't have full control of the loaded file. Please open an issue on GitHub for any issues related to this experimental feature.
  checkpoint = torch.load(f'./checkpoints/{args.dataset}_{args.model}_{args.seed}_fold{args.fold}_best.pth', map_location=device)
/home/yhj/miniconda3/envs/torch/lib/python3.11/site-packages/pydantic/_internal/_generate_schema.py:2249: UnsupportedFieldAttributeWarning: The 'repr' attribute with value False was provided to the `Field()` function, which has no effect in the context it was used. 'repr' is field-specific metadata, and can only be attached to a model field using `Annotated` metadata or by assignment. This may have happened because an `Annotated` type alias using the `type` statement was used, or if the `Field()` function was attached to a single member of a union type.
  warnings.warn(
/home/yhj/miniconda3/envs/torch/lib/python3.11/site-packages/pydantic/_internal/_generate_schema.py:2249: UnsupportedFieldAttributeWarning: The 'frozen' attribute with value True was provided to the `Field()` function, which has no effect in the context it was used. 'frozen' is field-specific metadata, and can only be attached to a model field using `Annotated` metadata or by assignment. This may have happened because an `Annotated` type alias using the `type` statement was used, or if the `Field()` function was attached to a single member of a union type.
  warnings.warn(
[2025-11-07 15:28:28] INFO (torcheeg/MainThread) 🔍 | Detected cached processing results, reading cache from ./cached_data/bciciv2a_EA.
[2025-11-07 15:28:29] INFO (torcheeg/MainThread) 📊 | Detected existing split of train and test set, use existing split from ./cached_data/bciciv2a_split/kfold_split.
[2025-11-07 15:28:29] INFO (torcheeg/MainThread) 💡 | If the dataset is re-generated, you need to re-generate the split of the dataset instead of using the previous split.
[2025-11-07 15:28:29] INFO (torcheeg/MainThread) 📊 | Detected existing split of train and test set, use existing split from ./cached_data/bciciv2a_split/test_val_split_0.
[2025-11-07 15:28:29] INFO (torcheeg/MainThread) 💡 | If the dataset is re-generated, you need to re-generate the split of the dataset instead of using the previous split.
/home/yhj/pythonProject/EEGAP/purify.py:177: FutureWarning: You are using `torch.load` with `weights_only=False` (the current default value), which uses the default pickle module implicitly. It is possible to construct malicious pickle data which will execute arbitrary code during unpickling (See https://github.com/pytorch/pytorch/blob/main/SECURITY.md#untrusted-models for more details). In a future release, the default value for `weights_only` will be flipped to `True`. This limits the functions that could be executed during unpickling. Arbitrary objects will no longer be allowed to be loaded via this mode unless they are explicitly allowlisted by the user via `torch.serialization.add_safe_globals`. We recommend you start setting `weights_only=True` for any use case where you don't have full control of the loaded file. Please open an issue on GitHub for any issues related to this experimental feature.
  ad_data, labels = torch.load(f'./ad_data/{args.dataset}_{args.model}_{args.attack}_{args.seed}_fold{args.fold}.pth')
/home/yhj/pythonProject/EEGAP/purify.py:197: FutureWarning: You are using `torch.load` with `weights_only=False` (the current default value), which uses the default pickle module implicitly. It is possible to construct malicious pickle data which will execute arbitrary code during unpickling (See https://github.com/pytorch/pytorch/blob/main/SECURITY.md#untrusted-models for more details). In a future release, the default value for `weights_only` will be flipped to `True`. This limits the functions that could be executed during unpickling. Arbitrary objects will no longer be allowed to be loaded via this mode unless they are explicitly allowlisted by the user via `torch.serialization.add_safe_globals`. We recommend you start setting `weights_only=True` for any use case where you don't have full control of the loaded file. Please open an issue on GitHub for any issues related to this experimental feature.
  checkpoint = torch.load(f'./checkpoints/{args.dataset}_{args.model}_{args.seed}_fold{args.fold}_best.pth', map_location=device)
/home/yhj/miniconda3/envs/torch/lib/python3.11/site-packages/pydantic/_internal/_generate_schema.py:2249: UnsupportedFieldAttributeWarning: The 'repr' attribute with value False was provided to the `Field()` function, which has no effect in the context it was used. 'repr' is field-specific metadata, and can only be attached to a model field using `Annotated` metadata or by assignment. This may have happened because an `Annotated` type alias using the `type` statement was used, or if the `Field()` function was attached to a single member of a union type.
  warnings.warn(
/home/yhj/miniconda3/envs/torch/lib/python3.11/site-packages/pydantic/_internal/_generate_schema.py:2249: UnsupportedFieldAttributeWarning: The 'frozen' attribute with value True was provided to the `Field()` function, which has no effect in the context it was used. 'frozen' is field-specific metadata, and can only be attached to a model field using `Annotated` metadata or by assignment. This may have happened because an `Annotated` type alias using the `type` statement was used, or if the `Field()` function was attached to a single member of a union type.
  warnings.warn(
[2025-11-07 15:42:28] INFO (torcheeg/MainThread) 🔍 | Detected cached processing results, reading cache from ./cached_data/bciciv2a_EA.
[2025-11-07 15:42:29] INFO (torcheeg/MainThread) 📊 | Detected existing split of train and test set, use existing split from ./cached_data/bciciv2a_split/kfold_split.
[2025-11-07 15:42:29] INFO (torcheeg/MainThread) 💡 | If the dataset is re-generated, you need to re-generate the split of the dataset instead of using the previous split.
[2025-11-07 15:42:29] INFO (torcheeg/MainThread) 📊 | Detected existing split of train and test set, use existing split from ./cached_data/bciciv2a_split/test_val_split_0.
[2025-11-07 15:42:29] INFO (torcheeg/MainThread) 💡 | If the dataset is re-generated, you need to re-generate the split of the dataset instead of using the previous split.
/home/yhj/pythonProject/EEGAP/purify.py:177: FutureWarning: You are using `torch.load` with `weights_only=False` (the current default value), which uses the default pickle module implicitly. It is possible to construct malicious pickle data which will execute arbitrary code during unpickling (See https://github.com/pytorch/pytorch/blob/main/SECURITY.md#untrusted-models for more details). In a future release, the default value for `weights_only` will be flipped to `True`. This limits the functions that could be executed during unpickling. Arbitrary objects will no longer be allowed to be loaded via this mode unless they are explicitly allowlisted by the user via `torch.serialization.add_safe_globals`. We recommend you start setting `weights_only=True` for any use case where you don't have full control of the loaded file. Please open an issue on GitHub for any issues related to this experimental feature.
  ad_data, labels = torch.load(f'./ad_data/{args.dataset}_{args.model}_{args.attack}_{args.seed}_fold{args.fold}.pth')
/home/yhj/pythonProject/EEGAP/purify.py:197: FutureWarning: You are using `torch.load` with `weights_only=False` (the current default value), which uses the default pickle module implicitly. It is possible to construct malicious pickle data which will execute arbitrary code during unpickling (See https://github.com/pytorch/pytorch/blob/main/SECURITY.md#untrusted-models for more details). In a future release, the default value for `weights_only` will be flipped to `True`. This limits the functions that could be executed during unpickling. Arbitrary objects will no longer be allowed to be loaded via this mode unless they are explicitly allowlisted by the user via `torch.serialization.add_safe_globals`. We recommend you start setting `weights_only=True` for any use case where you don't have full control of the loaded file. Please open an issue on GitHub for any issues related to this experimental feature.
  checkpoint = torch.load(f'./checkpoints/{args.dataset}_{args.model}_{args.seed}_fold{args.fold}_best.pth', map_location=device)
/home/yhj/miniconda3/envs/torch/lib/python3.11/site-packages/pydantic/_internal/_generate_schema.py:2249: UnsupportedFieldAttributeWarning: The 'repr' attribute with value False was provided to the `Field()` function, which has no effect in the context it was used. 'repr' is field-specific metadata, and can only be attached to a model field using `Annotated` metadata or by assignment. This may have happened because an `Annotated` type alias using the `type` statement was used, or if the `Field()` function was attached to a single member of a union type.
  warnings.warn(
/home/yhj/miniconda3/envs/torch/lib/python3.11/site-packages/pydantic/_internal/_generate_schema.py:2249: UnsupportedFieldAttributeWarning: The 'frozen' attribute with value True was provided to the `Field()` function, which has no effect in the context it was used. 'frozen' is field-specific metadata, and can only be attached to a model field using `Annotated` metadata or by assignment. This may have happened because an `Annotated` type alias using the `type` statement was used, or if the `Field()` function was attached to a single member of a union type.
  warnings.warn(
[2025-11-07 15:43:28] INFO (torcheeg/MainThread) 🔍 | Detected cached processing results, reading cache from ./cached_data/bciciv2a_EA.
[2025-11-07 15:43:29] INFO (torcheeg/MainThread) 📊 | Detected existing split of train and test set, use existing split from ./cached_data/bciciv2a_split/kfold_split.
[2025-11-07 15:43:29] INFO (torcheeg/MainThread) 💡 | If the dataset is re-generated, you need to re-generate the split of the dataset instead of using the previous split.
[2025-11-07 15:43:29] INFO (torcheeg/MainThread) 📊 | Detected existing split of train and test set, use existing split from ./cached_data/bciciv2a_split/test_val_split_0.
[2025-11-07 15:43:29] INFO (torcheeg/MainThread) 💡 | If the dataset is re-generated, you need to re-generate the split of the dataset instead of using the previous split.
/home/yhj/pythonProject/EEGAP/purify.py:177: FutureWarning: You are using `torch.load` with `weights_only=False` (the current default value), which uses the default pickle module implicitly. It is possible to construct malicious pickle data which will execute arbitrary code during unpickling (See https://github.com/pytorch/pytorch/blob/main/SECURITY.md#untrusted-models for more details). In a future release, the default value for `weights_only` will be flipped to `True`. This limits the functions that could be executed during unpickling. Arbitrary objects will no longer be allowed to be loaded via this mode unless they are explicitly allowlisted by the user via `torch.serialization.add_safe_globals`. We recommend you start setting `weights_only=True` for any use case where you don't have full control of the loaded file. Please open an issue on GitHub for any issues related to this experimental feature.
  ad_data, labels = torch.load(f'./ad_data/{args.dataset}_{args.model}_{args.attack}_{args.seed}_fold{args.fold}.pth')
/home/yhj/pythonProject/EEGAP/purify.py:197: FutureWarning: You are using `torch.load` with `weights_only=False` (the current default value), which uses the default pickle module implicitly. It is possible to construct malicious pickle data which will execute arbitrary code during unpickling (See https://github.com/pytorch/pytorch/blob/main/SECURITY.md#untrusted-models for more details). In a future release, the default value for `weights_only` will be flipped to `True`. This limits the functions that could be executed during unpickling. Arbitrary objects will no longer be allowed to be loaded via this mode unless they are explicitly allowlisted by the user via `torch.serialization.add_safe_globals`. We recommend you start setting `weights_only=True` for any use case where you don't have full control of the loaded file. Please open an issue on GitHub for any issues related to this experimental feature.
  checkpoint = torch.load(f'./checkpoints/{args.dataset}_{args.model}_{args.seed}_fold{args.fold}_best.pth', map_location=device)
/home/yhj/miniconda3/envs/torch/lib/python3.11/site-packages/pydantic/_internal/_generate_schema.py:2249: UnsupportedFieldAttributeWarning: The 'repr' attribute with value False was provided to the `Field()` function, which has no effect in the context it was used. 'repr' is field-specific metadata, and can only be attached to a model field using `Annotated` metadata or by assignment. This may have happened because an `Annotated` type alias using the `type` statement was used, or if the `Field()` function was attached to a single member of a union type.
  warnings.warn(
/home/yhj/miniconda3/envs/torch/lib/python3.11/site-packages/pydantic/_internal/_generate_schema.py:2249: UnsupportedFieldAttributeWarning: The 'frozen' attribute with value True was provided to the `Field()` function, which has no effect in the context it was used. 'frozen' is field-specific metadata, and can only be attached to a model field using `Annotated` metadata or by assignment. This may have happened because an `Annotated` type alias using the `type` statement was used, or if the `Field()` function was attached to a single member of a union type.
  warnings.warn(
[2025-11-07 15:44:28] INFO (torcheeg/MainThread) 🔍 | Detected cached processing results, reading cache from ./cached_data/bciciv2a_EA.
[2025-11-07 15:44:29] INFO (torcheeg/MainThread) 📊 | Detected existing split of train and test set, use existing split from ./cached_data/bciciv2a_split/kfold_split.
[2025-11-07 15:44:29] INFO (torcheeg/MainThread) 💡 | If the dataset is re-generated, you need to re-generate the split of the dataset instead of using the previous split.
[2025-11-07 15:44:29] INFO (torcheeg/MainThread) 📊 | Detected existing split of train and test set, use existing split from ./cached_data/bciciv2a_split/test_val_split_0.
[2025-11-07 15:44:29] INFO (torcheeg/MainThread) 💡 | If the dataset is re-generated, you need to re-generate the split of the dataset instead of using the previous split.
/home/yhj/pythonProject/EEGAP/purify.py:177: FutureWarning: You are using `torch.load` with `weights_only=False` (the current default value), which uses the default pickle module implicitly. It is possible to construct malicious pickle data which will execute arbitrary code during unpickling (See https://github.com/pytorch/pytorch/blob/main/SECURITY.md#untrusted-models for more details). In a future release, the default value for `weights_only` will be flipped to `True`. This limits the functions that could be executed during unpickling. Arbitrary objects will no longer be allowed to be loaded via this mode unless they are explicitly allowlisted by the user via `torch.serialization.add_safe_globals`. We recommend you start setting `weights_only=True` for any use case where you don't have full control of the loaded file. Please open an issue on GitHub for any issues related to this experimental feature.
  ad_data, labels = torch.load(f'./ad_data/{args.dataset}_{args.model}_{args.attack}_{args.seed}_fold{args.fold}.pth')
/home/yhj/pythonProject/EEGAP/purify.py:197: FutureWarning: You are using `torch.load` with `weights_only=False` (the current default value), which uses the default pickle module implicitly. It is possible to construct malicious pickle data which will execute arbitrary code during unpickling (See https://github.com/pytorch/pytorch/blob/main/SECURITY.md#untrusted-models for more details). In a future release, the default value for `weights_only` will be flipped to `True`. This limits the functions that could be executed during unpickling. Arbitrary objects will no longer be allowed to be loaded via this mode unless they are explicitly allowlisted by the user via `torch.serialization.add_safe_globals`. We recommend you start setting `weights_only=True` for any use case where you don't have full control of the loaded file. Please open an issue on GitHub for any issues related to this experimental feature.
  checkpoint = torch.load(f'./checkpoints/{args.dataset}_{args.model}_{args.seed}_fold{args.fold}_best.pth', map_location=device)
/home/yhj/miniconda3/envs/torch/lib/python3.11/site-packages/pydantic/_internal/_generate_schema.py:2249: UnsupportedFieldAttributeWarning: The 'repr' attribute with value False was provided to the `Field()` function, which has no effect in the context it was used. 'repr' is field-specific metadata, and can only be attached to a model field using `Annotated` metadata or by assignment. This may have happened because an `Annotated` type alias using the `type` statement was used, or if the `Field()` function was attached to a single member of a union type.
  warnings.warn(
/home/yhj/miniconda3/envs/torch/lib/python3.11/site-packages/pydantic/_internal/_generate_schema.py:2249: UnsupportedFieldAttributeWarning: The 'frozen' attribute with value True was provided to the `Field()` function, which has no effect in the context it was used. 'frozen' is field-specific metadata, and can only be attached to a model field using `Annotated` metadata or by assignment. This may have happened because an `Annotated` type alias using the `type` statement was used, or if the `Field()` function was attached to a single member of a union type.
  warnings.warn(
[2025-11-07 15:58:28] INFO (torcheeg/MainThread) 🔍 | Detected cached processing results, reading cache from ./cached_data/bciciv2a_EA.
[2025-11-07 15:58:29] INFO (torcheeg/MainThread) 📊 | Detected existing split of train and test set, use existing split from ./cached_data/bciciv2a_split/kfold_split.
[2025-11-07 15:58:29] INFO (torcheeg/MainThread) 💡 | If the dataset is re-generated, you need to re-generate the split of the dataset instead of using the previous split.
[2025-11-07 15:58:29] INFO (torcheeg/MainThread) 📊 | Detected existing split of train and test set, use existing split from ./cached_data/bciciv2a_split/test_val_split_0.
[2025-11-07 15:58:29] INFO (torcheeg/MainThread) 💡 | If the dataset is re-generated, you need to re-generate the split of the dataset instead of using the previous split.
/home/yhj/pythonProject/EEGAP/purify.py:177: FutureWarning: You are using `torch.load` with `weights_only=False` (the current default value), which uses the default pickle module implicitly. It is possible to construct malicious pickle data which will execute arbitrary code during unpickling (See https://github.com/pytorch/pytorch/blob/main/SECURITY.md#untrusted-models for more details). In a future release, the default value for `weights_only` will be flipped to `True`. This limits the functions that could be executed during unpickling. Arbitrary objects will no longer be allowed to be loaded via this mode unless they are explicitly allowlisted by the user via `torch.serialization.add_safe_globals`. We recommend you start setting `weights_only=True` for any use case where you don't have full control of the loaded file. Please open an issue on GitHub for any issues related to this experimental feature.
  ad_data, labels = torch.load(f'./ad_data/{args.dataset}_{args.model}_{args.attack}_{args.seed}_fold{args.fold}.pth')
/home/yhj/pythonProject/EEGAP/purify.py:197: FutureWarning: You are using `torch.load` with `weights_only=False` (the current default value), which uses the default pickle module implicitly. It is possible to construct malicious pickle data which will execute arbitrary code during unpickling (See https://github.com/pytorch/pytorch/blob/main/SECURITY.md#untrusted-models for more details). In a future release, the default value for `weights_only` will be flipped to `True`. This limits the functions that could be executed during unpickling. Arbitrary objects will no longer be allowed to be loaded via this mode unless they are explicitly allowlisted by the user via `torch.serialization.add_safe_globals`. We recommend you start setting `weights_only=True` for any use case where you don't have full control of the loaded file. Please open an issue on GitHub for any issues related to this experimental feature.
  checkpoint = torch.load(f'./checkpoints/{args.dataset}_{args.model}_{args.seed}_fold{args.fold}_best.pth', map_location=device)
/home/yhj/miniconda3/envs/torch/lib/python3.11/site-packages/pydantic/_internal/_generate_schema.py:2249: UnsupportedFieldAttributeWarning: The 'repr' attribute with value False was provided to the `Field()` function, which has no effect in the context it was used. 'repr' is field-specific metadata, and can only be attached to a model field using `Annotated` metadata or by assignment. This may have happened because an `Annotated` type alias using the `type` statement was used, or if the `Field()` function was attached to a single member of a union type.
  warnings.warn(
/home/yhj/miniconda3/envs/torch/lib/python3.11/site-packages/pydantic/_internal/_generate_schema.py:2249: UnsupportedFieldAttributeWarning: The 'frozen' attribute with value True was provided to the `Field()` function, which has no effect in the context it was used. 'frozen' is field-specific metadata, and can only be attached to a model field using `Annotated` metadata or by assignment. This may have happened because an `Annotated` type alias using the `type` statement was used, or if the `Field()` function was attached to a single member of a union type.
  warnings.warn(
[2025-11-07 15:59:28] INFO (torcheeg/MainThread) 🔍 | Detected cached processing results, reading cache from ./cached_data/bciciv2a_EA.
[2025-11-07 15:59:29] INFO (torcheeg/MainThread) 📊 | Detected existing split of train and test set, use existing split from ./cached_data/bciciv2a_split/kfold_split.
[2025-11-07 15:59:29] INFO (torcheeg/MainThread) 💡 | If the dataset is re-generated, you need to re-generate the split of the dataset instead of using the previous split.
[2025-11-07 15:59:29] INFO (torcheeg/MainThread) 📊 | Detected existing split of train and test set, use existing split from ./cached_data/bciciv2a_split/test_val_split_0.
[2025-11-07 15:59:29] INFO (torcheeg/MainThread) 💡 | If the dataset is re-generated, you need to re-generate the split of the dataset instead of using the previous split.
/home/yhj/pythonProject/EEGAP/purify.py:177: FutureWarning: You are using `torch.load` with `weights_only=False` (the current default value), which uses the default pickle module implicitly. It is possible to construct malicious pickle data which will execute arbitrary code during unpickling (See https://github.com/pytorch/pytorch/blob/main/SECURITY.md#untrusted-models for more details). In a future release, the default value for `weights_only` will be flipped to `True`. This limits the functions that could be executed during unpickling. Arbitrary objects will no longer be allowed to be loaded via this mode unless they are explicitly allowlisted by the user via `torch.serialization.add_safe_globals`. We recommend you start setting `weights_only=True` for any use case where you don't have full control of the loaded file. Please open an issue on GitHub for any issues related to this experimental feature.
  ad_data, labels = torch.load(f'./ad_data/{args.dataset}_{args.model}_{args.attack}_{args.seed}_fold{args.fold}.pth')
/home/yhj/pythonProject/EEGAP/purify.py:197: FutureWarning: You are using `torch.load` with `weights_only=False` (the current default value), which uses the default pickle module implicitly. It is possible to construct malicious pickle data which will execute arbitrary code during unpickling (See https://github.com/pytorch/pytorch/blob/main/SECURITY.md#untrusted-models for more details). In a future release, the default value for `weights_only` will be flipped to `True`. This limits the functions that could be executed during unpickling. Arbitrary objects will no longer be allowed to be loaded via this mode unless they are explicitly allowlisted by the user via `torch.serialization.add_safe_globals`. We recommend you start setting `weights_only=True` for any use case where you don't have full control of the loaded file. Please open an issue on GitHub for any issues related to this experimental feature.
  checkpoint = torch.load(f'./checkpoints/{args.dataset}_{args.model}_{args.seed}_fold{args.fold}_best.pth', map_location=device)
/home/yhj/miniconda3/envs/torch/lib/python3.11/site-packages/pydantic/_internal/_generate_schema.py:2249: UnsupportedFieldAttributeWarning: The 'repr' attribute with value False was provided to the `Field()` function, which has no effect in the context it was used. 'repr' is field-specific metadata, and can only be attached to a model field using `Annotated` metadata or by assignment. This may have happened because an `Annotated` type alias using the `type` statement was used, or if the `Field()` function was attached to a single member of a union type.
  warnings.warn(
/home/yhj/miniconda3/envs/torch/lib/python3.11/site-packages/pydantic/_internal/_generate_schema.py:2249: UnsupportedFieldAttributeWarning: The 'frozen' attribute with value True was provided to the `Field()` function, which has no effect in the context it was used. 'frozen' is field-specific metadata, and can only be attached to a model field using `Annotated` metadata or by assignment. This may have happened because an `Annotated` type alias using the `type` statement was used, or if the `Field()` function was attached to a single member of a union type.
  warnings.warn(
[2025-11-07 16:00:28] INFO (torcheeg/MainThread) 🔍 | Detected cached processing results, reading cache from ./cached_data/bciciv2a_EA.
[2025-11-07 16:00:29] INFO (torcheeg/MainThread) 📊 | Detected existing split of train and test set, use existing split from ./cached_data/bciciv2a_split/kfold_split.
[2025-11-07 16:00:29] INFO (torcheeg/MainThread) 💡 | If the dataset is re-generated, you need to re-generate the split of the dataset instead of using the previous split.
[2025-11-07 16:00:29] INFO (torcheeg/MainThread) 📊 | Detected existing split of train and test set, use existing split from ./cached_data/bciciv2a_split/test_val_split_0.
[2025-11-07 16:00:29] INFO (torcheeg/MainThread) 💡 | If the dataset is re-generated, you need to re-generate the split of the dataset instead of using the previous split.
/home/yhj/pythonProject/EEGAP/purify.py:177: FutureWarning: You are using `torch.load` with `weights_only=False` (the current default value), which uses the default pickle module implicitly. It is possible to construct malicious pickle data which will execute arbitrary code during unpickling (See https://github.com/pytorch/pytorch/blob/main/SECURITY.md#untrusted-models for more details). In a future release, the default value for `weights_only` will be flipped to `True`. This limits the functions that could be executed during unpickling. Arbitrary objects will no longer be allowed to be loaded via this mode unless they are explicitly allowlisted by the user via `torch.serialization.add_safe_globals`. We recommend you start setting `weights_only=True` for any use case where you don't have full control of the loaded file. Please open an issue on GitHub for any issues related to this experimental feature.
  ad_data, labels = torch.load(f'./ad_data/{args.dataset}_{args.model}_{args.attack}_{args.seed}_fold{args.fold}.pth')
/home/yhj/pythonProject/EEGAP/purify.py:197: FutureWarning: You are using `torch.load` with `weights_only=False` (the current default value), which uses the default pickle module implicitly. It is possible to construct malicious pickle data which will execute arbitrary code during unpickling (See https://github.com/pytorch/pytorch/blob/main/SECURITY.md#untrusted-models for more details). In a future release, the default value for `weights_only` will be flipped to `True`. This limits the functions that could be executed during unpickling. Arbitrary objects will no longer be allowed to be loaded via this mode unless they are explicitly allowlisted by the user via `torch.serialization.add_safe_globals`. We recommend you start setting `weights_only=True` for any use case where you don't have full control of the loaded file. Please open an issue on GitHub for any issues related to this experimental feature.
  checkpoint = torch.load(f'./checkpoints/{args.dataset}_{args.model}_{args.seed}_fold{args.fold}_best.pth', map_location=device)
/home/yhj/miniconda3/envs/torch/lib/python3.11/site-packages/pydantic/_internal/_generate_schema.py:2249: UnsupportedFieldAttributeWarning: The 'repr' attribute with value False was provided to the `Field()` function, which has no effect in the context it was used. 'repr' is field-specific metadata, and can only be attached to a model field using `Annotated` metadata or by assignment. This may have happened because an `Annotated` type alias using the `type` statement was used, or if the `Field()` function was attached to a single member of a union type.
  warnings.warn(
/home/yhj/miniconda3/envs/torch/lib/python3.11/site-packages/pydantic/_internal/_generate_schema.py:2249: UnsupportedFieldAttributeWarning: The 'frozen' attribute with value True was provided to the `Field()` function, which has no effect in the context it was used. 'frozen' is field-specific metadata, and can only be attached to a model field using `Annotated` metadata or by assignment. This may have happened because an `Annotated` type alias using the `type` statement was used, or if the `Field()` function was attached to a single member of a union type.
  warnings.warn(
[2025-11-07 16:14:29] INFO (torcheeg/MainThread) 🔍 | Detected cached processing results, reading cache from ./cached_data/bciciv2a_EA.
[2025-11-07 16:14:29] INFO (torcheeg/MainThread) 📊 | Detected existing split of train and test set, use existing split from ./cached_data/bciciv2a_split/kfold_split.
[2025-11-07 16:14:29] INFO (torcheeg/MainThread) 💡 | If the dataset is re-generated, you need to re-generate the split of the dataset instead of using the previous split.
[2025-11-07 16:14:29] INFO (torcheeg/MainThread) 📊 | Detected existing split of train and test set, use existing split from ./cached_data/bciciv2a_split/test_val_split_0.
[2025-11-07 16:14:29] INFO (torcheeg/MainThread) 💡 | If the dataset is re-generated, you need to re-generate the split of the dataset instead of using the previous split.
/home/yhj/pythonProject/EEGAP/purify.py:177: FutureWarning: You are using `torch.load` with `weights_only=False` (the current default value), which uses the default pickle module implicitly. It is possible to construct malicious pickle data which will execute arbitrary code during unpickling (See https://github.com/pytorch/pytorch/blob/main/SECURITY.md#untrusted-models for more details). In a future release, the default value for `weights_only` will be flipped to `True`. This limits the functions that could be executed during unpickling. Arbitrary objects will no longer be allowed to be loaded via this mode unless they are explicitly allowlisted by the user via `torch.serialization.add_safe_globals`. We recommend you start setting `weights_only=True` for any use case where you don't have full control of the loaded file. Please open an issue on GitHub for any issues related to this experimental feature.
  ad_data, labels = torch.load(f'./ad_data/{args.dataset}_{args.model}_{args.attack}_{args.seed}_fold{args.fold}.pth')
/home/yhj/pythonProject/EEGAP/purify.py:197: FutureWarning: You are using `torch.load` with `weights_only=False` (the current default value), which uses the default pickle module implicitly. It is possible to construct malicious pickle data which will execute arbitrary code during unpickling (See https://github.com/pytorch/pytorch/blob/main/SECURITY.md#untrusted-models for more details). In a future release, the default value for `weights_only` will be flipped to `True`. This limits the functions that could be executed during unpickling. Arbitrary objects will no longer be allowed to be loaded via this mode unless they are explicitly allowlisted by the user via `torch.serialization.add_safe_globals`. We recommend you start setting `weights_only=True` for any use case where you don't have full control of the loaded file. Please open an issue on GitHub for any issues related to this experimental feature.
  checkpoint = torch.load(f'./checkpoints/{args.dataset}_{args.model}_{args.seed}_fold{args.fold}_best.pth', map_location=device)
/home/yhj/miniconda3/envs/torch/lib/python3.11/site-packages/pydantic/_internal/_generate_schema.py:2249: UnsupportedFieldAttributeWarning: The 'repr' attribute with value False was provided to the `Field()` function, which has no effect in the context it was used. 'repr' is field-specific metadata, and can only be attached to a model field using `Annotated` metadata or by assignment. This may have happened because an `Annotated` type alias using the `type` statement was used, or if the `Field()` function was attached to a single member of a union type.
  warnings.warn(
/home/yhj/miniconda3/envs/torch/lib/python3.11/site-packages/pydantic/_internal/_generate_schema.py:2249: UnsupportedFieldAttributeWarning: The 'frozen' attribute with value True was provided to the `Field()` function, which has no effect in the context it was used. 'frozen' is field-specific metadata, and can only be attached to a model field using `Annotated` metadata or by assignment. This may have happened because an `Annotated` type alias using the `type` statement was used, or if the `Field()` function was attached to a single member of a union type.
  warnings.warn(
[2025-11-07 16:15:29] INFO (torcheeg/MainThread) 🔍 | Detected cached processing results, reading cache from ./cached_data/bciciv2a_EA.
[2025-11-07 16:15:29] INFO (torcheeg/MainThread) 📊 | Detected existing split of train and test set, use existing split from ./cached_data/bciciv2a_split/kfold_split.
[2025-11-07 16:15:29] INFO (torcheeg/MainThread) 💡 | If the dataset is re-generated, you need to re-generate the split of the dataset instead of using the previous split.
[2025-11-07 16:15:29] INFO (torcheeg/MainThread) 📊 | Detected existing split of train and test set, use existing split from ./cached_data/bciciv2a_split/test_val_split_0.
[2025-11-07 16:15:29] INFO (torcheeg/MainThread) 💡 | If the dataset is re-generated, you need to re-generate the split of the dataset instead of using the previous split.
/home/yhj/pythonProject/EEGAP/purify.py:177: FutureWarning: You are using `torch.load` with `weights_only=False` (the current default value), which uses the default pickle module implicitly. It is possible to construct malicious pickle data which will execute arbitrary code during unpickling (See https://github.com/pytorch/pytorch/blob/main/SECURITY.md#untrusted-models for more details). In a future release, the default value for `weights_only` will be flipped to `True`. This limits the functions that could be executed during unpickling. Arbitrary objects will no longer be allowed to be loaded via this mode unless they are explicitly allowlisted by the user via `torch.serialization.add_safe_globals`. We recommend you start setting `weights_only=True` for any use case where you don't have full control of the loaded file. Please open an issue on GitHub for any issues related to this experimental feature.
  ad_data, labels = torch.load(f'./ad_data/{args.dataset}_{args.model}_{args.attack}_{args.seed}_fold{args.fold}.pth')
/home/yhj/pythonProject/EEGAP/purify.py:197: FutureWarning: You are using `torch.load` with `weights_only=False` (the current default value), which uses the default pickle module implicitly. It is possible to construct malicious pickle data which will execute arbitrary code during unpickling (See https://github.com/pytorch/pytorch/blob/main/SECURITY.md#untrusted-models for more details). In a future release, the default value for `weights_only` will be flipped to `True`. This limits the functions that could be executed during unpickling. Arbitrary objects will no longer be allowed to be loaded via this mode unless they are explicitly allowlisted by the user via `torch.serialization.add_safe_globals`. We recommend you start setting `weights_only=True` for any use case where you don't have full control of the loaded file. Please open an issue on GitHub for any issues related to this experimental feature.
  checkpoint = torch.load(f'./checkpoints/{args.dataset}_{args.model}_{args.seed}_fold{args.fold}_best.pth', map_location=device)
