2025-10-21 12:04:25 | INFO | root | Attacking autoattack on bciciv2a with eegnet
2025-10-21 12:04:25 | INFO | root | Namespace(dataset='bciciv2a', model='eegnet', fold=0, attack='autoattack', batch_size=32, seed=42, gpu_id=0)
2025-10-21 12:04:25 | INFO | torcheeg | 🔍 | Detected cached processing results, reading cache from ./cached_data/bciciv2a_EA.
2025-10-21 12:04:25 | INFO | root | Dataset: bciciv2a
2025-10-21 12:04:25 | INFO | torcheeg | 📊 | Detected existing split of train and test set, use existing split from ./cached_data/bciciv2a_split/kfold_split.
2025-10-21 12:04:25 | INFO | torcheeg | 💡 | If the dataset is re-generated, you need to re-generate the split of the dataset instead of using the previous split.
2025-10-21 12:04:25 | INFO | root | Model: eegnet, fold: 0
2025-10-21 12:04:25 | INFO | torcheeg | 📊 | Detected existing split of train and test set, use existing split from ./cached_data/bciciv2a_split/test_val_split_0.
2025-10-21 12:04:25 | INFO | torcheeg | 💡 | If the dataset is re-generated, you need to re-generate the split of the dataset instead of using the previous split.
2025-10-21 12:04:25 | INFO | root | Sample num in test set: 519
2025-10-21 12:04:25 | INFO | root | test dataset size: 519
2025-10-21 12:04:29 | INFO | root | Attacking autoattack on bciciv2a with eegnet, fold: 0, batch: 1/17
2025-10-21 12:04:32 | INFO | root | Attacking autoattack on bciciv2a with eegnet, fold: 0, batch: 2/17
2025-10-21 12:04:36 | INFO | root | Attacking autoattack on bciciv2a with eegnet, fold: 0, batch: 3/17
2025-10-21 12:04:39 | INFO | root | Attacking autoattack on bciciv2a with eegnet, fold: 0, batch: 4/17
2025-10-21 12:04:43 | INFO | root | Attacking autoattack on bciciv2a with eegnet, fold: 0, batch: 5/17
2025-10-21 12:04:46 | INFO | root | Attacking autoattack on bciciv2a with eegnet, fold: 0, batch: 6/17
2025-10-21 12:04:50 | INFO | root | Attacking autoattack on bciciv2a with eegnet, fold: 0, batch: 7/17
2025-10-21 12:04:53 | INFO | root | Attacking autoattack on bciciv2a with eegnet, fold: 0, batch: 8/17
2025-10-21 12:04:56 | INFO | root | Attacking autoattack on bciciv2a with eegnet, fold: 0, batch: 9/17
2025-10-21 12:05:00 | INFO | root | Attacking autoattack on bciciv2a with eegnet, fold: 0, batch: 10/17
2025-10-21 12:05:03 | INFO | root | Attacking autoattack on bciciv2a with eegnet, fold: 0, batch: 11/17
2025-10-21 12:05:07 | INFO | root | Attacking autoattack on bciciv2a with eegnet, fold: 0, batch: 12/17
2025-10-21 12:05:10 | INFO | root | Attacking autoattack on bciciv2a with eegnet, fold: 0, batch: 13/17
2025-10-21 12:05:14 | INFO | root | Attacking autoattack on bciciv2a with eegnet, fold: 0, batch: 14/17
2025-10-21 12:05:17 | INFO | root | Attacking autoattack on bciciv2a with eegnet, fold: 0, batch: 15/17
2025-10-21 12:05:20 | INFO | root | Attacking autoattack on bciciv2a with eegnet, fold: 0, batch: 16/17
2025-10-21 12:05:24 | INFO | root | Attacking autoattack on bciciv2a with eegnet, fold: 0, batch: 17/17
2025-10-21 12:05:24 | INFO | root | Before Attack - Test Accuracy: 73.41%, Test Loss: 0.7148
2025-10-21 12:05:24 | INFO | root | After Attack - Test Accuracy: 10.60%, Test Loss: 2.2439
2025-10-21 12:05:24 | INFO | root | MSE between clean data and adversarial data: 0.000618
