2026-01-05 16:42:29 | INFO | root | Attacking pgd on bciciv2a with eegnet
2026-01-05 16:42:29 | INFO | root | Namespace(dataset='bciciv2a', model='eegnet', at_strategy='madry', fold=0, attack='pgd', eps=0.1, batch_size=32, seed=42, gpu_id=1)
2026-01-05 16:42:29 | INFO | torcheeg | 🔍 | Detected cached processing results, reading cache from ./cached_data/bciciv2a_EA.
2026-01-05 16:42:31 | INFO | root | Dataset: bciciv2a
2026-01-05 16:42:31 | INFO | torcheeg | 📊 | Detected existing split of train and test set, use existing split from ./cached_data/bciciv2a_split/kfold_split.
2026-01-05 16:42:31 | INFO | torcheeg | 💡 | If the dataset is re-generated, you need to re-generate the split of the dataset instead of using the previous split.
2026-01-05 16:42:32 | INFO | root | Model: eegnet, fold: 0
2026-01-05 16:42:32 | INFO | torcheeg | 📊 | Detected existing split of train and test set, use existing split from ./cached_data/bciciv2a_split/test_val_split_0.
2026-01-05 16:42:32 | INFO | torcheeg | 💡 | If the dataset is re-generated, you need to re-generate the split of the dataset instead of using the previous split.
2026-01-05 16:42:32 | INFO | root | Sample num in test set: 519
2026-01-05 16:42:32 | INFO | root | test dataset size: 519
2026-01-05 16:42:36 | INFO | root | Attacking pgd on bciciv2a with eegnet, fold: 0, batch: 1/17
2026-01-05 16:42:39 | INFO | root | Attacking pgd on bciciv2a with eegnet, fold: 0, batch: 2/17
2026-01-05 16:42:41 | INFO | root | Attacking pgd on bciciv2a with eegnet, fold: 0, batch: 3/17
2026-01-05 16:42:44 | INFO | root | Attacking pgd on bciciv2a with eegnet, fold: 0, batch: 4/17
2026-01-05 16:42:47 | INFO | root | Attacking pgd on bciciv2a with eegnet, fold: 0, batch: 5/17
2026-01-05 16:42:50 | INFO | root | Attacking pgd on bciciv2a with eegnet, fold: 0, batch: 6/17
2026-01-05 16:42:53 | INFO | root | Attacking pgd on bciciv2a with eegnet, fold: 0, batch: 7/17
2026-01-05 16:42:55 | INFO | root | Attacking pgd on bciciv2a with eegnet, fold: 0, batch: 8/17
2026-01-05 16:42:58 | INFO | root | Attacking pgd on bciciv2a with eegnet, fold: 0, batch: 9/17
2026-01-05 16:43:00 | INFO | root | Attacking pgd on bciciv2a with eegnet, fold: 0, batch: 10/17
2026-01-05 16:43:04 | INFO | root | Attacking pgd on bciciv2a with eegnet, fold: 0, batch: 11/17
2026-01-05 16:43:06 | INFO | root | Attacking pgd on bciciv2a with eegnet, fold: 0, batch: 12/17
2026-01-05 16:43:09 | INFO | root | Attacking pgd on bciciv2a with eegnet, fold: 0, batch: 13/17
2026-01-05 16:43:12 | INFO | root | Attacking pgd on bciciv2a with eegnet, fold: 0, batch: 14/17
2026-01-05 16:43:15 | INFO | root | Attacking pgd on bciciv2a with eegnet, fold: 0, batch: 15/17
2026-01-05 16:43:18 | INFO | root | Attacking pgd on bciciv2a with eegnet, fold: 0, batch: 16/17
2026-01-05 16:43:22 | INFO | root | Attacking pgd on bciciv2a with eegnet, fold: 0, batch: 17/17
2026-01-05 16:43:45 | INFO | root | Before Attack - Test Accuracy: 29.48%, Test Loss: 1.3805
2026-01-05 16:44:02 | INFO | root | After Attack - Test Accuracy: 0.00%, Test Loss: 1.6057
2026-01-05 16:44:03 | INFO | root | MSE between clean data and adversarial data: 0.009982
2026-01-05 16:44:03 | INFO | root | Test model on 512 samples for adversarial training
2026-01-05 16:44:59 | INFO | root | After Attack - Test Accuracy on 512 samples: 0.00%, Test Loss: 1.6051
2026-01-05 16:45:26 | INFO | root | Before Attack - Test Accuracy on 512 samples: 29.69%, Test Loss: 1.3800
