2026-01-05 16:33:31 | INFO | root | Attacking autoattack on bciciv2a with eegnet
2026-01-05 16:33:31 | INFO | root | Namespace(dataset='bciciv2a', model='eegnet', at_strategy='trades', fold=0, attack='autoattack', eps=0.1, batch_size=32, seed=42, gpu_id=1)
2026-01-05 16:33:31 | INFO | torcheeg | 🔍 | Detected cached processing results, reading cache from ./cached_data/bciciv2a_EA.
2026-01-05 16:33:35 | INFO | root | Dataset: bciciv2a
2026-01-05 16:33:35 | INFO | torcheeg | 📊 | Detected existing split of train and test set, use existing split from ./cached_data/bciciv2a_split/kfold_split.
2026-01-05 16:33:35 | INFO | torcheeg | 💡 | If the dataset is re-generated, you need to re-generate the split of the dataset instead of using the previous split.
2026-01-05 16:33:36 | INFO | root | Model: eegnet, fold: 0
2026-01-05 16:33:36 | INFO | torcheeg | 📊 | Detected existing split of train and test set, use existing split from ./cached_data/bciciv2a_split/test_val_split_0.
2026-01-05 16:33:36 | INFO | torcheeg | 💡 | If the dataset is re-generated, you need to re-generate the split of the dataset instead of using the previous split.
2026-01-05 16:33:36 | INFO | root | Sample num in test set: 519
2026-01-05 16:33:36 | INFO | root | test dataset size: 519
2026-01-05 16:33:37 | INFO | root | Attacking autoattack on bciciv2a with eegnet, fold: 0, batch: 1/17
2026-01-05 16:33:40 | INFO | root | Attacking autoattack on bciciv2a with eegnet, fold: 0, batch: 2/17
2026-01-05 16:33:42 | INFO | root | Attacking autoattack on bciciv2a with eegnet, fold: 0, batch: 3/17
2026-01-05 16:33:44 | INFO | root | Attacking autoattack on bciciv2a with eegnet, fold: 0, batch: 4/17
2026-01-05 16:33:46 | INFO | root | Attacking autoattack on bciciv2a with eegnet, fold: 0, batch: 5/17
2026-01-05 16:33:48 | INFO | root | Attacking autoattack on bciciv2a with eegnet, fold: 0, batch: 6/17
2026-01-05 16:33:50 | INFO | root | Attacking autoattack on bciciv2a with eegnet, fold: 0, batch: 7/17
2026-01-05 16:33:51 | INFO | root | Attacking autoattack on bciciv2a with eegnet, fold: 0, batch: 8/17
2026-01-05 16:33:53 | INFO | root | Attacking autoattack on bciciv2a with eegnet, fold: 0, batch: 9/17
2026-01-05 16:33:55 | INFO | root | Attacking autoattack on bciciv2a with eegnet, fold: 0, batch: 10/17
2026-01-05 16:33:56 | INFO | root | Attacking autoattack on bciciv2a with eegnet, fold: 0, batch: 11/17
2026-01-05 16:33:59 | INFO | root | Attacking autoattack on bciciv2a with eegnet, fold: 0, batch: 12/17
2026-01-05 16:34:01 | INFO | root | Attacking autoattack on bciciv2a with eegnet, fold: 0, batch: 13/17
2026-01-05 16:34:03 | INFO | root | Attacking autoattack on bciciv2a with eegnet, fold: 0, batch: 14/17
2026-01-05 16:34:05 | INFO | root | Attacking autoattack on bciciv2a with eegnet, fold: 0, batch: 15/17
2026-01-05 16:34:08 | INFO | root | Attacking autoattack on bciciv2a with eegnet, fold: 0, batch: 16/17
2026-01-05 16:34:09 | INFO | root | Attacking autoattack on bciciv2a with eegnet, fold: 0, batch: 17/17
2026-01-05 16:34:27 | INFO | root | Before Attack - Test Accuracy: 73.22%, Test Loss: 0.6606
2026-01-05 16:34:29 | INFO | root | After Attack - Test Accuracy: 0.00%, Test Loss: 2.8652
2026-01-05 16:34:29 | INFO | root | MSE between clean data and adversarial data: 0.007297
2026-01-05 16:34:29 | INFO | root | Test model on 512 samples for adversarial training
2026-01-05 16:35:57 | INFO | root | After Attack - Test Accuracy on 512 samples: 0.00%, Test Loss: 2.8628
2026-01-05 16:36:25 | INFO | root | Before Attack - Test Accuracy on 512 samples: 73.24%, Test Loss: 0.6597
