2026-01-05 16:36:30 | INFO | root | Attacking fgsm on bciciv2a with eegnet
2026-01-05 16:36:30 | INFO | root | Namespace(dataset='bciciv2a', model='eegnet', at_strategy='madry', fold=0, attack='fgsm', eps=0.1, batch_size=32, seed=42, gpu_id=1)
2026-01-05 16:36:30 | INFO | torcheeg | 🔍 | Detected cached processing results, reading cache from ./cached_data/bciciv2a_EA.
2026-01-05 16:36:33 | INFO | root | Dataset: bciciv2a
2026-01-05 16:36:33 | INFO | torcheeg | 📊 | Detected existing split of train and test set, use existing split from ./cached_data/bciciv2a_split/kfold_split.
2026-01-05 16:36:33 | INFO | torcheeg | 💡 | If the dataset is re-generated, you need to re-generate the split of the dataset instead of using the previous split.
2026-01-05 16:36:33 | INFO | root | Model: eegnet, fold: 0
2026-01-05 16:36:33 | INFO | torcheeg | 📊 | Detected existing split of train and test set, use existing split from ./cached_data/bciciv2a_split/test_val_split_0.
2026-01-05 16:36:33 | INFO | torcheeg | 💡 | If the dataset is re-generated, you need to re-generate the split of the dataset instead of using the previous split.
2026-01-05 16:36:33 | INFO | root | Sample num in test set: 519
2026-01-05 16:36:33 | INFO | root | test dataset size: 519
2026-01-05 16:36:36 | INFO | root | Attacking fgsm on bciciv2a with eegnet, fold: 0, batch: 1/17
2026-01-05 16:36:37 | INFO | root | Attacking fgsm on bciciv2a with eegnet, fold: 0, batch: 2/17
2026-01-05 16:36:38 | INFO | root | Attacking fgsm on bciciv2a with eegnet, fold: 0, batch: 3/17
2026-01-05 16:36:40 | INFO | root | Attacking fgsm on bciciv2a with eegnet, fold: 0, batch: 4/17
2026-01-05 16:36:41 | INFO | root | Attacking fgsm on bciciv2a with eegnet, fold: 0, batch: 5/17
2026-01-05 16:36:41 | INFO | root | Attacking fgsm on bciciv2a with eegnet, fold: 0, batch: 6/17
2026-01-05 16:36:42 | INFO | root | Attacking fgsm on bciciv2a with eegnet, fold: 0, batch: 7/17
2026-01-05 16:36:43 | INFO | root | Attacking fgsm on bciciv2a with eegnet, fold: 0, batch: 8/17
2026-01-05 16:36:45 | INFO | root | Attacking fgsm on bciciv2a with eegnet, fold: 0, batch: 9/17
2026-01-05 16:36:48 | INFO | root | Attacking fgsm on bciciv2a with eegnet, fold: 0, batch: 10/17
2026-01-05 16:36:49 | INFO | root | Attacking fgsm on bciciv2a with eegnet, fold: 0, batch: 11/17
2026-01-05 16:36:51 | INFO | root | Attacking fgsm on bciciv2a with eegnet, fold: 0, batch: 12/17
2026-01-05 16:36:53 | INFO | root | Attacking fgsm on bciciv2a with eegnet, fold: 0, batch: 13/17
2026-01-05 16:36:56 | INFO | root | Attacking fgsm on bciciv2a with eegnet, fold: 0, batch: 14/17
2026-01-05 16:36:57 | INFO | root | Attacking fgsm on bciciv2a with eegnet, fold: 0, batch: 15/17
2026-01-05 16:36:59 | INFO | root | Attacking fgsm on bciciv2a with eegnet, fold: 0, batch: 16/17
2026-01-05 16:36:59 | INFO | root | Attacking fgsm on bciciv2a with eegnet, fold: 0, batch: 17/17
2026-01-05 16:37:32 | INFO | root | Before Attack - Test Accuracy: 29.48%, Test Loss: 1.3805
2026-01-05 16:38:05 | INFO | root | After Attack - Test Accuracy: 0.00%, Test Loss: 1.5982
2026-01-05 16:38:05 | INFO | root | MSE between clean data and adversarial data: 0.010000
2026-01-05 16:38:05 | INFO | root | Test model on 512 samples for adversarial training
2026-01-05 16:39:23 | INFO | root | After Attack - Test Accuracy on 512 samples: 0.00%, Test Loss: 1.5976
2026-01-05 16:39:37 | INFO | root | Before Attack - Test Accuracy on 512 samples: 29.69%, Test Loss: 1.3800
