2026-01-05 16:40:29 | INFO | root | Attacking fgsm on bciciv2a with eegnet
2026-01-05 16:40:29 | INFO | root | Namespace(dataset='bciciv2a', model='eegnet', at_strategy='trades', fold=0, attack='fgsm', eps=0.1, batch_size=32, seed=42, gpu_id=1)
2026-01-05 16:40:29 | INFO | torcheeg | 🔍 | Detected cached processing results, reading cache from ./cached_data/bciciv2a_EA.
2026-01-05 16:40:31 | INFO | root | Dataset: bciciv2a
2026-01-05 16:40:31 | INFO | torcheeg | 📊 | Detected existing split of train and test set, use existing split from ./cached_data/bciciv2a_split/kfold_split.
2026-01-05 16:40:31 | INFO | torcheeg | 💡 | If the dataset is re-generated, you need to re-generate the split of the dataset instead of using the previous split.
2026-01-05 16:40:32 | INFO | root | Model: eegnet, fold: 0
2026-01-05 16:40:32 | INFO | torcheeg | 📊 | Detected existing split of train and test set, use existing split from ./cached_data/bciciv2a_split/test_val_split_0.
2026-01-05 16:40:32 | INFO | torcheeg | 💡 | If the dataset is re-generated, you need to re-generate the split of the dataset instead of using the previous split.
2026-01-05 16:40:32 | INFO | root | Sample num in test set: 519
2026-01-05 16:40:32 | INFO | root | test dataset size: 519
2026-01-05 16:40:33 | INFO | root | Attacking fgsm on bciciv2a with eegnet, fold: 0, batch: 1/17
2026-01-05 16:40:34 | INFO | root | Attacking fgsm on bciciv2a with eegnet, fold: 0, batch: 2/17
2026-01-05 16:40:35 | INFO | root | Attacking fgsm on bciciv2a with eegnet, fold: 0, batch: 3/17
2026-01-05 16:40:36 | INFO | root | Attacking fgsm on bciciv2a with eegnet, fold: 0, batch: 4/17
2026-01-05 16:40:37 | INFO | root | Attacking fgsm on bciciv2a with eegnet, fold: 0, batch: 5/17
2026-01-05 16:40:40 | INFO | root | Attacking fgsm on bciciv2a with eegnet, fold: 0, batch: 6/17
2026-01-05 16:40:40 | INFO | root | Attacking fgsm on bciciv2a with eegnet, fold: 0, batch: 7/17
2026-01-05 16:40:41 | INFO | root | Attacking fgsm on bciciv2a with eegnet, fold: 0, batch: 8/17
2026-01-05 16:40:43 | INFO | root | Attacking fgsm on bciciv2a with eegnet, fold: 0, batch: 9/17
2026-01-05 16:40:44 | INFO | root | Attacking fgsm on bciciv2a with eegnet, fold: 0, batch: 10/17
2026-01-05 16:40:45 | INFO | root | Attacking fgsm on bciciv2a with eegnet, fold: 0, batch: 11/17
2026-01-05 16:40:47 | INFO | root | Attacking fgsm on bciciv2a with eegnet, fold: 0, batch: 12/17
2026-01-05 16:40:47 | INFO | root | Attacking fgsm on bciciv2a with eegnet, fold: 0, batch: 13/17
2026-01-05 16:40:48 | INFO | root | Attacking fgsm on bciciv2a with eegnet, fold: 0, batch: 14/17
2026-01-05 16:40:50 | INFO | root | Attacking fgsm on bciciv2a with eegnet, fold: 0, batch: 15/17
2026-01-05 16:40:51 | INFO | root | Attacking fgsm on bciciv2a with eegnet, fold: 0, batch: 16/17
2026-01-05 16:40:51 | INFO | root | Attacking fgsm on bciciv2a with eegnet, fold: 0, batch: 17/17
2026-01-05 16:41:02 | INFO | root | Before Attack - Test Accuracy: 73.22%, Test Loss: 0.6606
2026-01-05 16:41:03 | INFO | root | After Attack - Test Accuracy: 0.19%, Test Loss: 3.8432
2026-01-05 16:41:03 | INFO | root | MSE between clean data and adversarial data: 0.010000
2026-01-05 16:41:03 | INFO | root | Test model on 512 samples for adversarial training
2026-01-05 16:41:10 | INFO | root | After Attack - Test Accuracy on 512 samples: 0.20%, Test Loss: 3.8402
2026-01-05 16:41:17 | INFO | root | Before Attack - Test Accuracy on 512 samples: 73.24%, Test Loss: 0.6597
