2026-01-05 16:46:31 | INFO | root | Attacking cw on bciciv2a with eegnet
2026-01-05 16:46:31 | INFO | root | Namespace(dataset='bciciv2a', model='eegnet', at_strategy='clean', fold=0, attack='cw', eps=0.1, batch_size=32, seed=42, gpu_id=1)
2026-01-05 16:46:31 | INFO | torcheeg | 🔍 | Detected cached processing results, reading cache from ./cached_data/bciciv2a_EA.
2026-01-05 16:46:33 | INFO | root | Dataset: bciciv2a
2026-01-05 16:46:33 | INFO | torcheeg | 📊 | Detected existing split of train and test set, use existing split from ./cached_data/bciciv2a_split/kfold_split.
2026-01-05 16:46:33 | INFO | torcheeg | 💡 | If the dataset is re-generated, you need to re-generate the split of the dataset instead of using the previous split.
2026-01-05 16:46:34 | INFO | root | Model: eegnet, fold: 0
2026-01-05 16:46:34 | INFO | torcheeg | 📊 | Detected existing split of train and test set, use existing split from ./cached_data/bciciv2a_split/test_val_split_0.
2026-01-05 16:46:34 | INFO | torcheeg | 💡 | If the dataset is re-generated, you need to re-generate the split of the dataset instead of using the previous split.
2026-01-05 16:46:34 | INFO | root | Sample num in test set: 519
2026-01-05 16:46:34 | INFO | root | test dataset size: 519
2026-01-05 16:46:39 | INFO | root | Attacking cw on bciciv2a with eegnet, fold: 0, batch: 1/17
2026-01-05 16:46:42 | INFO | root | Attacking cw on bciciv2a with eegnet, fold: 0, batch: 2/17
2026-01-05 16:46:47 | INFO | root | Attacking cw on bciciv2a with eegnet, fold: 0, batch: 3/17
2026-01-05 16:46:49 | INFO | root | Attacking cw on bciciv2a with eegnet, fold: 0, batch: 4/17
2026-01-05 16:46:51 | INFO | root | Attacking cw on bciciv2a with eegnet, fold: 0, batch: 5/17
2026-01-05 16:46:55 | INFO | root | Attacking cw on bciciv2a with eegnet, fold: 0, batch: 6/17
2026-01-05 16:46:59 | INFO | root | Attacking cw on bciciv2a with eegnet, fold: 0, batch: 7/17
2026-01-05 16:47:02 | INFO | root | Attacking cw on bciciv2a with eegnet, fold: 0, batch: 8/17
2026-01-05 16:47:05 | INFO | root | Attacking cw on bciciv2a with eegnet, fold: 0, batch: 9/17
2026-01-05 16:47:09 | INFO | root | Attacking cw on bciciv2a with eegnet, fold: 0, batch: 10/17
2026-01-05 16:47:12 | INFO | root | Attacking cw on bciciv2a with eegnet, fold: 0, batch: 11/17
2026-01-05 16:47:16 | INFO | root | Attacking cw on bciciv2a with eegnet, fold: 0, batch: 12/17
2026-01-05 16:47:21 | INFO | root | Attacking cw on bciciv2a with eegnet, fold: 0, batch: 13/17
2026-01-05 16:47:25 | INFO | root | Attacking cw on bciciv2a with eegnet, fold: 0, batch: 14/17
2026-01-05 16:47:28 | INFO | root | Attacking cw on bciciv2a with eegnet, fold: 0, batch: 15/17
2026-01-05 16:47:31 | INFO | root | Attacking cw on bciciv2a with eegnet, fold: 0, batch: 16/17
2026-01-05 16:47:34 | INFO | root | Attacking cw on bciciv2a with eegnet, fold: 0, batch: 17/17
2026-01-05 16:48:12 | INFO | root | Before Attack - Test Accuracy: 70.13%, Test Loss: 0.8013
2026-01-05 16:48:38 | INFO | root | After Attack - Test Accuracy: 0.39%, Test Loss: 8.4848
2026-01-05 16:48:38 | INFO | root | MSE between clean data and adversarial data: 0.005020
